TN:
SF:app.js
FN:46,(anonymous_0)
FN:58,(anonymous_1)
FN:99,(anonymous_2)
FN:118,(anonymous_3)
FN:131,(anonymous_4)
FN:139,(anonymous_5)
FN:145,(anonymous_6)
FN:154,(anonymous_7)
FNF:8
FNH:3
FNDA:1,(anonymous_0)
FNDA:1,(anonymous_1)
FNDA:0,(anonymous_2)
FNDA:1,(anonymous_3)
FNDA:0,(anonymous_4)
FNDA:0,(anonymous_5)
FNDA:0,(anonymous_6)
FNDA:0,(anonymous_7)
DA:1,1
DA:2,1
DA:3,1
DA:4,1
DA:5,1
DA:6,1
DA:7,1
DA:8,1
DA:17,1
DA:19,1
DA:20,1
DA:21,1
DA:23,1
DA:24,1
DA:27,1
DA:28,1
DA:35,1
DA:36,1
DA:46,1
DA:47,1
DA:55,1
DA:58,1
DA:59,1
DA:60,1
DA:61,1
DA:62,1
DA:63,1
DA:65,0
DA:66,0
DA:71,1
DA:74,1
DA:75,1
DA:76,1
DA:77,1
DA:80,1
DA:83,1
DA:84,1
DA:85,1
DA:86,1
DA:87,1
DA:90,1
DA:93,1
DA:94,1
DA:95,1
DA:96,1
DA:99,1
DA:100,0
DA:101,0
DA:105,1
DA:118,1
DA:119,1
DA:124,0
DA:126,1
DA:130,1
DA:131,1
DA:132,0
DA:133,0
DA:135,0
DA:139,1
DA:140,0
DA:141,0
DA:145,1
DA:146,0
DA:147,0
DA:148,0
DA:150,0
DA:151,0
DA:154,0
DA:155,0
DA:156,0
DA:157,0
DA:162,1
DA:165,1
DA:166,0
LF:74
LH:54
BRDA:24,0,0,1
BRDA:24,0,1,0
BRDA:61,1,0,1
BRDA:61,1,1,0
BRDA:62,2,0,0
BRDA:62,2,1,1
BRDA:119,3,0,0
BRDA:119,3,1,1
BRDA:120,4,0,1
BRDA:120,4,1,1
BRDA:120,4,2,1
BRDA:132,5,0,0
BRDA:132,5,1,0
BRDA:132,6,0,0
BRDA:132,6,1,0
BRDA:132,6,2,0
BRDA:165,7,0,0
BRDA:165,7,1,1
BRF:18
BRH:8
end_of_record
TN:
SF:db.js
FN:18,connectDb
FN:30,getDb
FNF:2
FNH:0
FNDA:0,connectDb
FNDA:0,getDb
DA:1,1
DA:2,1
DA:3,1
DA:9,1
DA:10,1
DA:11,1
DA:12,1
DA:13,1
DA:15,0
DA:19,0
DA:20,0
DA:23,0
DA:24,0
DA:25,0
DA:27,0
DA:31,0
DA:32,0
DA:35,1
LF:18
LH:9
BRDA:9,0,0,1
BRDA:9,0,1,0
BRDA:11,1,0,1
BRDA:11,1,1,0
BRDA:19,2,0,0
BRDA:19,2,1,0
BRDA:23,3,0,0
BRDA:23,3,1,0
BRDA:31,4,0,0
BRDA:31,4,1,0
BRF:10
BRH:2
end_of_record
TN:
SF:test-performance.js
FN:5,testPerformanceEndpoints
FNF:1
FNH:0
FNDA:0,testPerformanceEndpoints
DA:1,0
DA:3,0
DA:6,0
DA:8,0
DA:10,0
DA:11,0
DA:12,0
DA:13,0
DA:16,0
DA:17,0
DA:18,0
DA:19,0
DA:21,0
DA:22,0
DA:24,0
DA:27,0
DA:30,0
DA:31,0
DA:32,0
DA:33,0
DA:35,0
DA:36,0
DA:38,0
DA:41,0
DA:44,0
DA:45,0
DA:46,0
DA:47,0
DA:49,0
DA:50,0
DA:52,0
DA:55,0
DA:58,0
DA:59,0
DA:60,0
DA:61,0
DA:63,0
DA:64,0
DA:66,0
DA:69,0
DA:71,0
DA:72,0
DA:75,0
DA:79,0
LF:44
LH:0
BRDA:21,0,0,0
BRDA:21,0,1,0
BRDA:35,1,0,0
BRDA:35,1,1,0
BRDA:49,2,0,0
BRDA:49,2,1,0
BRDA:63,3,0,0
BRDA:63,3,1,0
BRF:8
BRH:0
end_of_record
TN:
SF:config\swagger.js
FNF:0
FNH:0
DA:1,1
DA:3,1
DA:244,1
DA:246,1
LF:4
LH:4
BRF:0
BRH:0
end_of_record
TN:
SF:controllers\adminController.js
FN:14,(anonymous_0)
FN:23,(anonymous_1)
FN:31,(anonymous_2)
FN:36,(anonymous_3)
FN:38,(anonymous_4)
FN:51,(anonymous_5)
FN:69,(anonymous_6)
FN:99,(anonymous_7)
FN:128,(anonymous_8)
FN:160,(anonymous_9)
FN:182,(anonymous_10)
FN:203,(anonymous_11)
FN:221,(anonymous_12)
FN:225,(anonymous_13)
FN:231,(anonymous_14)
FN:237,(anonymous_15)
FN:262,(anonymous_16)
FN:274,(anonymous_17)
FN:312,(anonymous_18)
FN:331,(anonymous_19)
FN:364,(anonymous_20)
FN:371,(anonymous_21)
FN:389,(anonymous_22)
FN:398,(anonymous_23)
FN:399,(anonymous_24)
FN:400,(anonymous_25)
FN:401,(anonymous_26)
FNF:27
FNH:0
FNDA:0,(anonymous_0)
FNDA:0,(anonymous_1)
FNDA:0,(anonymous_2)
FNDA:0,(anonymous_3)
FNDA:0,(anonymous_4)
FNDA:0,(anonymous_5)
FNDA:0,(anonymous_6)
FNDA:0,(anonymous_7)
FNDA:0,(anonymous_8)
FNDA:0,(anonymous_9)
FNDA:0,(anonymous_10)
FNDA:0,(anonymous_11)
FNDA:0,(anonymous_12)
FNDA:0,(anonymous_13)
FNDA:0,(anonymous_14)
FNDA:0,(anonymous_15)
FNDA:0,(anonymous_16)
FNDA:0,(anonymous_17)
FNDA:0,(anonymous_18)
FNDA:0,(anonymous_19)
FNDA:0,(anonymous_20)
FNDA:0,(anonymous_21)
FNDA:0,(anonymous_22)
FNDA:0,(anonymous_23)
FNDA:0,(anonymous_24)
FNDA:0,(anonymous_25)
FNDA:0,(anonymous_26)
DA:7,1
DA:8,1
DA:9,1
DA:10,1
DA:11,1
DA:14,1
DA:15,0
DA:16,0
DA:17,0
DA:20,0
DA:22,0
DA:23,0
DA:24,0
DA:30,0
DA:31,0
DA:34,0
DA:35,0
DA:36,0
DA:37,0
DA:38,0
DA:42,0
DA:46,0
DA:51,1
DA:52,0
DA:53,0
DA:54,0
DA:56,0
DA:57,0
DA:61,0
DA:62,0
DA:64,0
DA:69,1
DA:70,0
DA:71,0
DA:72,0
DA:75,0
DA:76,0
DA:77,0
DA:78,0
DA:80,0
DA:82,0
DA:83,0
DA:87,0
DA:89,0
DA:94,0
DA:99,1
DA:100,0
DA:101,0
DA:102,0
DA:104,0
DA:105,0
DA:106,0
DA:109,0
DA:111,0
DA:112,0
DA:116,0
DA:118,0
DA:123,0
DA:128,1
DA:129,0
DA:130,0
DA:132,0
DA:133,0
DA:134,0
DA:137,0
DA:143,0
DA:144,0
DA:148,0
DA:150,0
DA:155,0
DA:160,1
DA:161,0
DA:162,0
DA:163,0
DA:165,0
DA:166,0
DA:169,0
DA:171,0
DA:172,0
DA:174,0
DA:177,0
DA:182,1
DA:183,0
DA:184,0
DA:185,0
DA:187,0
DA:188,0
DA:191,0
DA:192,0
DA:194,0
DA:196,0
DA:198,0
DA:203,1
DA:204,0
DA:213,0
DA:215,0
DA:218,0
DA:220,0
DA:221,0
DA:224,0
DA:225,0
DA:226,0
DA:230,0
DA:231,0
DA:232,0
DA:236,0
DA:237,0
DA:238,0
DA:243,0
DA:244,0
DA:245,0
DA:247,0
DA:257,0
DA:262,1
DA:263,0
DA:264,0
DA:265,0
DA:267,0
DA:269,0
DA:274,1
DA:275,0
DA:276,0
DA:305,0
DA:307,0
DA:312,1
DA:313,0
DA:314,0
DA:315,0
DA:317,0
DA:328,0
DA:329,0
DA:331,0
DA:333,0
DA:334,0
DA:336,0
DA:337,0
DA:340,0
DA:341,0
DA:343,0
DA:344,0
DA:347,0
DA:348,0
DA:350,0
DA:354,0
DA:355,0
DA:357,0
DA:359,0
DA:364,1
DA:365,0
DA:366,0
DA:367,0
DA:369,0
DA:370,0
DA:371,0
DA:372,0
DA:375,0
DA:376,0
DA:377,0
DA:379,0
DA:380,0
DA:381,0
DA:384,0
DA:389,1
DA:390,0
DA:391,0
DA:392,0
DA:393,0
DA:395,0
DA:398,0
DA:399,0
DA:400,0
DA:401,0
DA:417,0
DA:419,0
DA:423,1
LF:175
LH:19
BRDA:16,0,0,0
BRDA:16,1,0,0
BRDA:16,2,0,0
BRDA:22,3,0,0
BRDA:22,3,1,0
BRDA:24,4,0,0
BRDA:24,4,1,0
BRDA:24,4,2,0
BRDA:30,5,0,0
BRDA:30,5,1,0
BRDA:34,6,0,0
BRDA:34,6,1,0
BRDA:35,7,0,0
BRDA:35,7,1,0
BRDA:37,8,0,0
BRDA:37,8,1,0
BRDA:56,9,0,0
BRDA:56,9,1,0
BRDA:82,10,0,0
BRDA:82,10,1,0
BRDA:105,11,0,0
BRDA:105,11,1,0
BRDA:111,12,0,0
BRDA:111,12,1,0
BRDA:119,13,0,0
BRDA:119,13,1,0
BRDA:133,14,0,0
BRDA:133,14,1,0
BRDA:143,15,0,0
BRDA:143,15,1,0
BRDA:165,16,0,0
BRDA:165,16,1,0
BRDA:171,17,0,0
BRDA:171,17,1,0
BRDA:187,18,0,0
BRDA:187,18,1,0
BRDA:187,19,0,0
BRDA:187,19,1,0
BRDA:206,20,0,0
BRDA:207,21,0,0
BRDA:208,22,0,0
BRDA:209,23,0,0
BRDA:210,24,0,0
BRDA:211,25,0,0
BRDA:212,26,0,0
BRDA:220,27,0,0
BRDA:220,27,1,0
BRDA:224,28,0,0
BRDA:224,28,1,0
BRDA:230,29,0,0
BRDA:230,29,1,0
BRDA:236,30,0,0
BRDA:236,30,1,0
BRDA:264,31,0,0
BRDA:314,32,0,0
BRDA:333,33,0,0
BRDA:333,33,1,0
BRDA:334,34,0,0
BRDA:334,34,1,0
BRDA:336,35,0,0
BRDA:336,35,1,0
BRDA:337,36,0,0
BRDA:337,36,1,0
BRDA:340,37,0,0
BRDA:340,37,1,0
BRDA:341,38,0,0
BRDA:341,38,1,0
BRDA:343,39,0,0
BRDA:343,39,1,0
BRDA:344,40,0,0
BRDA:344,40,1,0
BRDA:347,41,0,0
BRDA:347,41,1,0
BRDA:347,42,0,0
BRDA:347,42,1,0
BRDA:354,43,0,0
BRDA:354,43,1,0
BRDA:355,44,0,0
BRDA:355,44,1,0
BRDA:366,45,0,0
BRDA:366,46,0,0
BRDA:369,47,0,0
BRDA:369,47,1,0
BRF:83
BRH:0
end_of_record
TN:
SF:controllers\authController.js
FN:20,register
FN:36,(anonymous_1)
FN:79,verifyEmail
FN:106,login
FN:115,(anonymous_4)
FN:182,getUsers
FN:195,modifyUser
FN:216,(anonymous_7)
FN:246,changePassword
FN:259,(anonymous_9)
FN:279,forgotPassword
FN:303,resetPassword
FN:325,verifyToken
FN:343,resendVerification
FN:354,(anonymous_14)
FNF:15
FNH:0
FNDA:0,register
FNDA:0,(anonymous_1)
FNDA:0,verifyEmail
FNDA:0,login
FNDA:0,(anonymous_4)
FNDA:0,getUsers
FNDA:0,modifyUser
FNDA:0,(anonymous_7)
FNDA:0,changePassword
FNDA:0,(anonymous_9)
FNDA:0,forgotPassword
FNDA:0,resetPassword
FNDA:0,verifyToken
FNDA:0,resendVerification
FNDA:0,(anonymous_14)
DA:2,1
DA:3,1
DA:4,1
DA:5,1
DA:6,1
DA:7,1
DA:17,1
DA:22,0
DA:32,0
DA:33,0
DA:34,0
DA:36,0
DA:43,0
DA:44,0
DA:45,0
DA:47,0
DA:48,0
DA:49,0
DA:50,0
DA:51,0
DA:68,0
DA:70,0
DA:71,0
DA:72,0
DA:73,0
DA:75,0
DA:80,0
DA:81,0
DA:82,0
DA:84,0
DA:85,0
DA:86,0
DA:88,0
DA:93,0
DA:95,0
DA:100,0
DA:107,0
DA:111,0
DA:112,0
DA:113,0
DA:115,0
DA:122,0
DA:123,0
DA:124,0
DA:125,0
DA:126,0
DA:127,0
DA:129,0
DA:130,0
DA:131,0
DA:133,0
DA:134,0
DA:135,0
DA:136,0
DA:137,0
DA:138,0
DA:139,0
DA:140,0
DA:142,0
DA:143,0
DA:144,0
DA:145,0
DA:147,0
DA:150,0
DA:152,0
DA:153,0
DA:154,0
DA:159,0
DA:160,0
DA:165,0
DA:167,0
DA:178,0
DA:184,0
DA:185,0
DA:187,0
DA:188,0
DA:190,0
DA:191,0
DA:196,0
DA:197,0
DA:198,0
DA:200,0
DA:201,0
DA:202,0
DA:205,0
DA:212,0
DA:213,0
DA:214,0
DA:216,0
DA:224,0
DA:225,0
DA:226,0
DA:227,0
DA:228,0
DA:229,0
DA:230,0
DA:231,0
DA:232,0
DA:233,0
DA:234,0
DA:235,0
DA:236,0
DA:238,0
DA:240,0
DA:241,0
DA:248,0
DA:249,0
DA:251,0
DA:255,0
DA:256,0
DA:257,0
DA:259,0
DA:266,0
DA:267,0
DA:269,0
DA:270,0
DA:271,0
DA:272,0
DA:273,0
DA:274,0
DA:275,0
DA:280,0
DA:281,0
DA:282,0
DA:283,0
DA:285,0
DA:286,0
DA:287,0
DA:288,0
DA:289,0
DA:290,0
DA:291,0
DA:292,0
DA:293,0
DA:294,0
DA:296,0
DA:299,0
DA:304,0
DA:309,0
DA:310,0
DA:311,0
DA:313,0
DA:314,0
DA:315,0
DA:316,0
DA:318,0
DA:319,0
DA:320,0
DA:321,0
DA:326,0
DA:327,0
DA:328,0
DA:329,0
DA:330,0
DA:331,0
DA:332,0
DA:333,0
DA:335,0
DA:336,0
DA:338,0
DA:344,0
DA:345,0
DA:347,0
DA:348,0
DA:349,0
DA:350,0
DA:351,0
DA:352,0
DA:354,0
DA:361,0
DA:362,0
DA:364,0
DA:365,0
DA:366,0
DA:369,0
DA:370,0
DA:371,0
DA:373,0
DA:374,0
DA:375,0
DA:376,0
DA:378,0
DA:380,0
DA:384,1
LF:184
LH:8
BRDA:33,0,0,0
BRDA:33,0,1,0
BRDA:44,1,0,0
BRDA:44,1,1,0
BRDA:48,2,0,0
BRDA:48,2,1,0
BRDA:58,3,0,0
BRDA:58,3,1,0
BRDA:70,4,0,0
BRDA:70,4,1,0
BRDA:81,5,0,0
BRDA:81,5,1,0
BRDA:81,6,0,0
BRDA:81,6,1,0
BRDA:85,7,0,0
BRDA:85,7,1,0
BRDA:85,8,0,0
BRDA:85,8,1,0
BRDA:88,9,0,0
BRDA:88,9,1,0
BRDA:89,10,0,0
BRDA:89,10,1,0
BRDA:89,10,2,0
BRDA:112,11,0,0
BRDA:112,11,1,0
BRDA:123,12,0,0
BRDA:123,12,1,0
BRDA:125,13,0,0
BRDA:125,13,1,0
BRDA:129,14,0,0
BRDA:129,14,1,0
BRDA:134,15,0,0
BRDA:134,15,1,0
BRDA:135,16,0,0
BRDA:135,16,1,0
BRDA:138,17,0,0
BRDA:138,17,1,0
BRDA:144,18,0,0
BRDA:144,18,1,0
BRDA:152,19,0,0
BRDA:152,19,1,0
BRDA:153,20,0,0
BRDA:153,20,1,0
BRDA:184,21,0,0
BRDA:184,21,1,0
BRDA:187,22,0,0
BRDA:187,22,1,0
BRDA:197,23,0,0
BRDA:197,23,1,0
BRDA:201,24,0,0
BRDA:201,24,1,0
BRDA:213,25,0,0
BRDA:213,25,1,0
BRDA:228,26,0,0
BRDA:228,26,1,0
BRDA:229,27,0,0
BRDA:229,27,1,0
BRDA:230,28,0,0
BRDA:230,28,1,0
BRDA:231,29,0,0
BRDA:231,29,1,0
BRDA:232,30,0,0
BRDA:232,30,1,0
BRDA:234,31,0,0
BRDA:234,31,1,0
BRDA:248,32,0,0
BRDA:248,32,1,0
BRDA:256,33,0,0
BRDA:256,33,1,0
BRDA:270,34,0,0
BRDA:270,34,1,0
BRDA:272,35,0,0
BRDA:272,35,1,0
BRDA:282,36,0,0
BRDA:282,36,1,0
BRDA:287,37,0,0
BRDA:287,37,1,0
BRDA:291,38,0,0
BRDA:291,38,1,0
BRDA:310,39,0,0
BRDA:310,39,1,0
BRDA:315,40,0,0
BRDA:315,40,1,0
BRDA:315,41,0,0
BRDA:315,41,1,0
BRDA:315,41,2,0
BRDA:315,41,3,0
BRDA:327,42,0,0
BRDA:327,42,1,0
BRDA:328,43,0,0
BRDA:328,43,1,0
BRDA:332,44,0,0
BRDA:332,44,1,0
BRDA:344,45,0,0
BRDA:344,45,1,0
BRDA:351,46,0,0
BRDA:351,46,1,0
BRDA:361,47,0,0
BRDA:361,47,1,0
BRDA:361,48,0,0
BRDA:361,48,1,0
BRDA:365,49,0,0
BRDA:365,49,1,0
BRDA:365,50,0,0
BRDA:365,50,1,0
BRDA:373,51,0,0
BRDA:373,51,1,0
BRF:107
BRH:0
end_of_record
TN:
SF:controllers\performanceController.js
FN:16,(anonymous_0)
FN:20,(anonymous_1)
FN:42,(anonymous_2)
FN:83,(anonymous_3)
FN:89,(anonymous_4)
FN:96,(anonymous_5)
FN:103,(anonymous_6)
FN:125,(anonymous_7)
FN:131,(anonymous_8)
FN:132,(anonymous_9)
FN:158,(anonymous_10)
FN:210,(anonymous_11)
FN:211,(anonymous_12)
FN:241,(anonymous_13)
FN:254,(anonymous_14)
FN:255,(anonymous_15)
FN:258,(anonymous_16)
FN:267,(anonymous_17)
FN:280,(anonymous_18)
FN:308,(anonymous_19)
FN:327,(anonymous_20)
FN:333,(anonymous_21)
FN:354,(anonymous_22)
FN:401,(anonymous_23)
FN:409,(anonymous_24)
FN:414,(anonymous_25)
FN:433,(anonymous_26)
FN:455,(anonymous_27)
FNF:28
FNH:0
FNDA:0,(anonymous_0)
FNDA:0,(anonymous_1)
FNDA:0,(anonymous_2)
FNDA:0,(anonymous_3)
FNDA:0,(anonymous_4)
FNDA:0,(anonymous_5)
FNDA:0,(anonymous_6)
FNDA:0,(anonymous_7)
FNDA:0,(anonymous_8)
FNDA:0,(anonymous_9)
FNDA:0,(anonymous_10)
FNDA:0,(anonymous_11)
FNDA:0,(anonymous_12)
FNDA:0,(anonymous_13)
FNDA:0,(anonymous_14)
FNDA:0,(anonymous_15)
FNDA:0,(anonymous_16)
FNDA:0,(anonymous_17)
FNDA:0,(anonymous_18)
FNDA:0,(anonymous_19)
FNDA:0,(anonymous_20)
FNDA:0,(anonymous_21)
FNDA:0,(anonymous_22)
FNDA:0,(anonymous_23)
FNDA:0,(anonymous_24)
FNDA:0,(anonymous_25)
FNDA:0,(anonymous_26)
FNDA:0,(anonymous_27)
DA:1,1
DA:2,1
DA:3,1
DA:6,1
DA:13,1
DA:16,1
DA:17,0
DA:18,0
DA:20,0
DA:21,0
DA:22,0
DA:33,0
DA:42,0
DA:43,0
DA:44,0
DA:47,0
DA:60,0
DA:63,0
DA:64,0
DA:65,0
DA:66,0
DA:68,0
DA:70,0
DA:74,0
DA:76,0
DA:79,0
DA:83,1
DA:84,0
DA:85,0
DA:88,0
DA:89,0
DA:92,0
DA:96,1
DA:97,0
DA:98,0
DA:99,0
DA:102,0
DA:103,0
DA:105,0
DA:106,0
DA:107,0
DA:108,0
DA:110,0
DA:119,0
DA:120,0
DA:125,1
DA:126,0
DA:127,0
DA:128,0
DA:131,0
DA:132,0
DA:134,0
DA:135,0
DA:138,0
DA:139,0
DA:141,0
DA:152,0
DA:153,0
DA:158,1
DA:159,0
DA:161,0
DA:162,0
DA:165,0
DA:166,0
DA:169,0
DA:175,0
DA:176,0
DA:177,0
DA:179,0
DA:203,0
DA:205,0
DA:206,0
DA:207,0
DA:208,0
DA:209,0
DA:210,0
DA:211,0
DA:212,0
DA:213,0
DA:216,0
DA:241,1
DA:242,0
DA:243,0
DA:244,0
DA:253,0
DA:254,0
DA:255,0
DA:257,0
DA:258,0
DA:261,0
DA:262,0
DA:265,0
DA:266,0
DA:267,0
DA:268,0
DA:270,0
DA:280,1
DA:281,0
DA:282,0
DA:283,0
DA:284,0
DA:286,0
DA:308,0
DA:314,0
DA:319,0
DA:320,0
DA:327,1
DA:328,0
DA:329,0
DA:333,0
DA:341,0
DA:346,0
DA:347,0
DA:354,1
DA:355,0
DA:356,0
DA:357,0
DA:360,0
DA:361,0
DA:363,0
DA:364,0
DA:365,0
DA:368,0
DA:369,0
DA:370,0
DA:373,0
DA:374,0
DA:375,0
DA:378,0
DA:388,0
DA:393,0
DA:394,0
DA:401,1
DA:402,0
DA:403,0
DA:404,0
DA:405,0
DA:408,0
DA:409,0
DA:413,0
DA:414,0
DA:415,0
DA:416,0
DA:417,0
DA:425,0
DA:426,0
DA:427,0
DA:429,0
DA:433,0
DA:441,0
DA:446,0
DA:447,0
DA:455,1
DA:456,0
DA:457,0
DA:458,0
DA:459,0
DA:461,0
DA:462,0
DA:463,0
DA:464,0
DA:467,1
LF:162
LH:17
BRDA:47,0,0,0
BRDA:47,0,1,0
BRDA:47,0,2,0
BRDA:47,0,3,0
BRDA:47,0,4,0
BRDA:47,0,5,0
BRDA:47,0,6,0
BRDA:47,0,7,0
BRDA:47,0,8,0
BRDA:47,0,9,0
BRDA:63,1,0,0
BRDA:63,1,1,0
BRDA:65,2,0,0
BRDA:65,2,1,0
BRDA:102,3,0,0
BRDA:102,3,1,0
BRDA:103,4,0,0
BRDA:103,4,1,0
BRDA:103,4,2,0
BRDA:105,5,0,0
BRDA:105,5,1,0
BRDA:105,5,2,0
BRDA:106,6,0,0
BRDA:106,6,1,0
BRDA:107,7,0,0
BRDA:107,7,1,0
BRDA:108,8,0,0
BRDA:108,8,1,0
BRDA:115,9,0,0
BRDA:115,9,1,0
BRDA:116,10,0,0
BRDA:116,10,1,0
BRDA:131,11,0,0
BRDA:131,11,1,0
BRDA:131,11,2,0
BRDA:131,12,0,0
BRDA:131,12,1,0
BRDA:132,13,0,0
BRDA:132,13,1,0
BRDA:134,14,0,0
BRDA:134,14,1,0
BRDA:134,15,0,0
BRDA:134,15,1,0
BRDA:145,16,0,0
BRDA:145,16,1,0
BRDA:146,17,0,0
BRDA:146,17,1,0
BRDA:147,18,0,0
BRDA:147,18,1,0
BRDA:148,19,0,0
BRDA:148,19,1,0
BRDA:149,20,0,0
BRDA:149,20,1,0
BRDA:162,21,0,0
BRDA:162,21,1,0
BRDA:193,22,0,0
BRDA:193,22,1,0
BRDA:199,23,0,0
BRDA:199,23,1,0
BRDA:200,24,0,0
BRDA:200,24,1,0
BRDA:243,25,0,0
BRDA:243,25,1,0
BRDA:254,26,0,0
BRDA:254,26,1,0
BRDA:308,27,0,0
BRDA:308,27,1,0
BRDA:329,28,0,0
BRDA:329,28,1,0
BRDA:363,29,0,0
BRDA:363,29,1,0
BRDA:368,30,0,0
BRDA:368,30,1,0
BRDA:373,31,0,0
BRDA:373,31,1,0
BRDA:403,32,0,0
BRDA:403,32,1,0
BRDA:416,33,0,0
BRDA:416,33,1,0
BRDA:426,34,0,0
BRDA:426,34,1,0
BRDA:461,35,0,0
BRDA:461,35,1,0
BRDA:462,36,0,0
BRDA:462,36,1,0
BRDA:463,37,0,0
BRDA:463,37,1,0
BRDA:463,38,0,0
BRDA:463,38,1,0
BRF:89
BRH:0
end_of_record
TN:
SF:middleware\adminMiddleware.js
FN:5,verifyAdmin
FN:29,logAdminAction
FN:32,(anonymous_2)
FNF:3
FNH:0
FNDA:0,verifyAdmin
FNDA:0,logAdminAction
FNDA:0,(anonymous_2)
DA:1,1
DA:2,1
DA:6,0
DA:7,0
DA:9,0
DA:10,0
DA:13,0
DA:14,0
DA:15,0
DA:18,0
DA:19,0
DA:22,0
DA:24,0
DA:30,0
DA:32,0
DA:33,0
DA:34,0
DA:37,0
DA:38,0
DA:39,0
DA:53,0
DA:56,0
DA:59,1
LF:23
LH:3
BRDA:7,0,0,0
BRDA:7,0,1,0
BRDA:9,1,0,0
BRDA:9,1,1,0
BRDA:18,2,0,0
BRDA:18,2,1,0
BRDA:18,3,0,0
BRDA:18,3,1,0
BRDA:37,4,0,0
BRDA:37,4,1,0
BRDA:37,5,0,0
BRDA:37,5,1,0
BRDA:40,6,0,0
BRDA:40,6,1,0
BRDA:42,7,0,0
BRDA:42,7,1,0
BRF:16
BRH:0
end_of_record
TN:
SF:middleware\authMiddleware.js
FN:4,verifyToken
FN:8,(anonymous_1)
FNF:2
FNH:0
FNDA:0,verifyToken
FNDA:0,(anonymous_1)
DA:1,1
DA:2,1
DA:5,0
DA:6,0
DA:7,0
DA:8,0
DA:9,0
DA:10,0
DA:11,0
DA:15,1
LF:10
LH:3
BRDA:6,0,0,0
BRDA:6,0,1,0
BRDA:7,1,0,0
BRDA:7,1,1,0
BRDA:9,2,0,0
BRDA:9,2,1,0
BRF:6
BRH:0
end_of_record
TN:
SF:middleware\csrfMiddleware.js
FN:5,(anonymous_0)
FN:6,(anonymous_1)
FN:15,(anonymous_2)
FN:41,(anonymous_3)
FN:57,(anonymous_4)
FN:67,(anonymous_5)
FNF:6
FNH:0
FNDA:0,(anonymous_0)
FNDA:0,(anonymous_1)
FNDA:0,(anonymous_2)
FNDA:0,(anonymous_3)
FNDA:0,(anonymous_4)
FNDA:0,(anonymous_5)
DA:1,1
DA:4,1
DA:5,0
DA:6,0
DA:16,0
DA:18,0
DA:19,0
DA:21,0
DA:22,0
DA:26,0
DA:28,0
DA:30,0
DA:31,0
DA:38,1
DA:41,1
DA:42,0
DA:48,0
DA:49,0
DA:53,0
DA:57,1
DA:58,0
DA:67,0
DA:69,0
DA:70,0
DA:71,0
DA:74,0
DA:75,0
DA:78,0
DA:81,1
LF:29
LH:6
BRDA:6,0,0,0
BRDA:6,0,1,0
BRDA:19,1,0,0
BRDA:19,1,1,0
BRDA:19,2,0,0
BRDA:19,2,1,0
BRDA:21,3,0,0
BRDA:21,3,1,0
BRDA:21,4,0,0
BRDA:21,4,1,0
BRDA:21,4,2,0
BRDA:23,5,0,0
BRDA:23,5,1,0
BRDA:23,6,0,0
BRDA:23,6,1,0
BRDA:24,7,0,0
BRDA:24,7,1,0
BRDA:24,8,0,0
BRDA:24,8,1,0
BRDA:48,9,0,0
BRDA:48,9,1,0
BRDA:71,10,0,0
BRDA:71,10,1,0
BRDA:74,11,0,0
BRDA:74,11,1,0
BRF:25
BRH:0
end_of_record
TN:
SF:middleware\securityMiddleware.js
FN:4,(anonymous_0)
FN:16,(anonymous_1)
FN:64,(anonymous_2)
FN:91,(anonymous_3)
FN:97,(anonymous_4)
FN:145,(anonymous_5)
FN:150,(anonymous_6)
FN:179,(anonymous_7)
FN:184,(anonymous_8)
FN:213,(anonymous_9)
FN:218,(anonymous_10)
FN:258,(anonymous_11)
FN:263,(anonymous_12)
FNF:13
FNH:2
FNDA:2,(anonymous_0)
FNDA:2,(anonymous_1)
FNDA:0,(anonymous_2)
FNDA:0,(anonymous_3)
FNDA:0,(anonymous_4)
FNDA:0,(anonymous_5)
FNDA:0,(anonymous_6)
FNDA:0,(anonymous_7)
FNDA:0,(anonymous_8)
FNDA:0,(anonymous_9)
FNDA:0,(anonymous_10)
FNDA:0,(anonymous_11)
FNDA:0,(anonymous_12)
DA:1,1
DA:4,1
DA:5,2
DA:16,1
DA:17,2
DA:20,2
DA:30,2
DA:31,2
DA:32,2
DA:35,2
DA:36,2
DA:37,14
DA:38,0
DA:46,0
DA:51,2
DA:52,0
DA:60,2
DA:64,1
DA:65,0
DA:66,0
DA:68,0
DA:69,0
DA:70,0
DA:71,0
DA:72,0
DA:73,0
DA:74,0
DA:76,0
DA:79,0
DA:87,0
DA:91,1
DA:92,0
DA:95,0
DA:96,0
DA:97,0
DA:98,0
DA:99,0
DA:100,0
DA:101,0
DA:106,0
DA:107,0
DA:113,0
DA:114,0
DA:121,0
DA:126,0
DA:131,0
DA:132,0
DA:141,0
DA:145,1
DA:146,0
DA:147,0
DA:149,0
DA:150,0
DA:151,0
DA:152,0
DA:153,0
DA:154,0
DA:160,0
DA:161,0
DA:172,0
DA:175,0
DA:179,1
DA:180,0
DA:181,0
DA:183,0
DA:184,0
DA:185,0
DA:186,0
DA:187,0
DA:188,0
DA:194,0
DA:195,0
DA:206,0
DA:209,0
DA:213,1
DA:214,0
DA:215,0
DA:217,0
DA:218,0
DA:219,0
DA:220,0
DA:221,0
DA:222,0
DA:223,0
DA:230,0
DA:231,0
DA:232,0
DA:238,0
DA:239,0
DA:251,0
DA:254,0
DA:258,1
DA:259,0
DA:260,0
DA:262,0
DA:263,0
DA:264,0
DA:265,0
DA:266,0
DA:267,0
DA:277,0
DA:280,0
DA:283,1
LF:103
LH:21
BRDA:6,0,0,2
BRDA:6,0,1,0
BRDA:6,0,2,0
BRDA:6,0,3,0
BRDA:7,1,0,2
BRDA:7,1,1,2
BRDA:10,2,0,2
BRDA:10,2,1,2
BRDA:11,3,0,2
BRDA:11,3,1,2
BRDA:37,4,0,0
BRDA:37,4,1,14
BRDA:51,5,0,0
BRDA:51,5,1,2
BRDA:51,6,0,2
BRDA:51,6,1,0
BRDA:65,7,0,0
BRDA:65,7,1,0
BRDA:65,8,0,0
BRDA:65,8,1,0
BRDA:69,9,0,0
BRDA:69,9,1,0
BRDA:71,10,0,0
BRDA:71,10,1,0
BRDA:71,11,0,0
BRDA:71,11,1,0
BRDA:73,12,0,0
BRDA:73,12,1,0
BRDA:95,13,0,0
BRDA:95,13,1,0
BRDA:95,14,0,0
BRDA:95,14,1,0
BRDA:100,15,0,0
BRDA:100,15,1,0
BRDA:106,16,0,0
BRDA:106,16,1,0
BRDA:106,17,0,0
BRDA:106,17,1,0
BRDA:113,18,0,0
BRDA:113,18,1,0
BRDA:113,19,0,0
BRDA:113,19,1,0
BRDA:131,20,0,0
BRDA:131,20,1,0
BRDA:131,21,0,0
BRDA:131,21,1,0
BRDA:146,22,0,0
BRDA:146,22,1,0
BRDA:146,23,0,0
BRDA:146,23,1,0
BRDA:153,24,0,0
BRDA:153,24,1,0
BRDA:153,25,0,0
BRDA:153,25,1,0
BRDA:160,26,0,0
BRDA:160,26,1,0
BRDA:180,27,0,0
BRDA:180,27,1,0
BRDA:180,28,0,0
BRDA:180,28,1,0
BRDA:187,29,0,0
BRDA:187,29,1,0
BRDA:187,30,0,0
BRDA:187,30,1,0
BRDA:194,31,0,0
BRDA:194,31,1,0
BRDA:214,32,0,0
BRDA:214,32,1,0
BRDA:214,33,0,0
BRDA:214,33,1,0
BRDA:214,33,2,0
BRDA:221,34,0,0
BRDA:221,34,1,0
BRDA:222,35,0,0
BRDA:222,35,1,0
BRDA:222,36,0,0
BRDA:222,36,1,0
BRDA:230,37,0,0
BRDA:230,37,1,0
BRDA:231,38,0,0
BRDA:231,38,1,0
BRDA:231,39,0,0
BRDA:231,39,1,0
BRDA:238,40,0,0
BRDA:238,40,1,0
BRDA:259,41,0,0
BRDA:259,41,1,0
BRDA:259,42,0,0
BRDA:259,42,1,0
BRDA:266,43,0,0
BRDA:266,43,1,0
BRDA:266,44,0,0
BRDA:266,44,1,0
BRF:93
BRH:10
end_of_record
TN:
SF:models\userStore.js
FN:5,findUserByEmail
FN:6,(anonymous_1)
FN:9,addUser
FN:16,findUserById
FN:17,(anonymous_4)
FN:20,getAllUsers
FN:21,(anonymous_6)
FN:24,updateUser
FN:31,changeUserPassword
FN:38,updateUserById
FN:45,changeUserPasswordById
FNF:11
FNH:0
FNDA:0,findUserByEmail
FNDA:0,(anonymous_1)
FNDA:0,addUser
FNDA:0,findUserById
FNDA:0,(anonymous_4)
FNDA:0,getAllUsers
FNDA:0,(anonymous_6)
FNDA:0,updateUser
FNDA:0,changeUserPassword
FNDA:0,updateUserById
FNDA:0,changeUserPasswordById
DA:1,0
DA:3,0
DA:6,0
DA:10,0
DA:11,0
DA:12,0
DA:13,0
DA:17,0
DA:21,0
DA:25,0
DA:26,0
DA:27,0
DA:28,0
DA:32,0
DA:33,0
DA:34,0
DA:35,0
DA:39,0
DA:40,0
DA:41,0
DA:42,0
DA:46,0
DA:47,0
DA:48,0
DA:49,0
DA:52,0
LF:26
LH:0
BRDA:10,0,0,0
BRDA:10,0,1,0
BRDA:11,1,0,0
BRDA:11,1,1,0
BRDA:12,2,0,0
BRDA:12,2,1,0
BRDA:26,3,0,0
BRDA:26,3,1,0
BRDA:33,4,0,0
BRDA:33,4,1,0
BRDA:40,5,0,0
BRDA:40,5,1,0
BRDA:47,6,0,0
BRDA:47,6,1,0
BRF:14
BRH:0
end_of_record
TN:
SF:routes\admin.js
FNF:0
FNH:0
DA:1,1
DA:2,1
DA:3,1
DA:18,1
DA:28,1
DA:29,1
DA:90,1
DA:159,1
DA:196,1
DA:256,1
DA:293,1
DA:342,1
DA:391,1
DA:430,1
DA:519,1
DA:568,1
DA:645,1
DA:696,1
DA:740,1
DA:742,1
LF:20
LH:20
BRF:0
BRH:0
end_of_record
TN:
SF:routes\auth.js
FN:52,(anonymous_0)
FNF:1
FNH:0
FNDA:0,(anonymous_0)
DA:1,1
DA:2,1
DA:3,1
DA:4,1
DA:5,1
DA:46,1
DA:54,0
DA:55,0
DA:109,1
DA:183,1
DA:222,1
DA:261,1
DA:302,1
DA:305,1
DA:351,1
DA:388,1
DA:453,1
DA:505,1
DA:507,1
LF:19
LH:17
BRDA:54,0,0,0
BRDA:54,0,1,0
BRF:2
BRH:0
end_of_record
TN:
SF:routes\performance.js
FNF:0
FNH:0
DA:1,1
DA:2,1
DA:8,1
DA:9,1
DA:10,1
DA:72,1
DA:75,1
DA:123,1
DA:166,1
DA:214,1
DA:216,1
LF:11
LH:11
BRF:0
BRH:0
end_of_record
TN:
SF:routes\security.js
FN:14,(anonymous_0)
FN:71,(anonymous_1)
FN:156,(anonymous_2)
FN:179,(anonymous_3)
FN:183,(anonymous_4)
FN:201,(anonymous_5)
FN:205,(anonymous_6)
FN:225,(anonymous_7)
FN:229,(anonymous_8)
FN:250,(anonymous_9)
FN:255,(anonymous_10)
FN:274,(anonymous_11)
FN:279,(anonymous_12)
FN:299,(anonymous_13)
FNF:14
FNH:0
FNDA:0,(anonymous_0)
FNDA:0,(anonymous_1)
FNDA:0,(anonymous_2)
FNDA:0,(anonymous_3)
FNDA:0,(anonymous_4)
FNDA:0,(anonymous_5)
FNDA:0,(anonymous_6)
FNDA:0,(anonymous_7)
FNDA:0,(anonymous_8)
FNDA:0,(anonymous_9)
FNDA:0,(anonymous_10)
FNDA:0,(anonymous_11)
FNDA:0,(anonymous_12)
FNDA:0,(anonymous_13)
DA:1,1
DA:2,1
DA:3,1
DA:4,1
DA:14,1
DA:15,0
DA:16,0
DA:18,0
DA:71,1
DA:72,0
DA:73,0
DA:74,0
DA:76,0
DA:85,0
DA:156,1
DA:157,0
DA:158,0
DA:159,0
DA:161,0
DA:174,0
DA:179,1
DA:180,0
DA:181,0
DA:182,0
DA:183,0
DA:184,0
DA:187,0
DA:196,0
DA:201,1
DA:202,0
DA:203,0
DA:204,0
DA:205,0
DA:206,0
DA:211,0
DA:220,0
DA:225,1
DA:226,0
DA:227,0
DA:228,0
DA:229,0
DA:230,0
DA:236,0
DA:245,0
DA:250,1
DA:251,0
DA:252,0
DA:253,0
DA:254,0
DA:255,0
DA:256,0
DA:259,0
DA:269,0
DA:274,1
DA:275,0
DA:276,0
DA:277,0
DA:278,0
DA:279,0
DA:280,0
DA:284,0
DA:294,0
DA:299,1
DA:300,0
DA:301,0
DA:303,0
DA:304,0
DA:307,0
DA:309,0
DA:314,0
DA:318,1
LF:71
LH:14
BRDA:15,0,0,0
BRDA:15,0,1,0
BRDA:15,1,0,0
BRDA:15,1,1,0
BRDA:73,2,0,0
BRDA:73,2,1,0
BRDA:158,3,0,0
BRDA:158,3,1,0
BRDA:181,4,0,0
BRDA:181,4,1,0
BRDA:203,5,0,0
BRDA:203,5,1,0
BRDA:206,6,0,0
BRDA:206,6,1,0
BRDA:206,6,2,0
BRDA:227,7,0,0
BRDA:227,7,1,0
BRDA:230,8,0,0
BRDA:230,8,1,0
BRDA:230,8,2,0
BRDA:230,8,3,0
BRDA:252,9,0,0
BRDA:252,9,1,0
BRDA:276,10,0,0
BRDA:276,10,1,0
BRDA:280,11,0,0
BRDA:280,11,1,0
BRDA:303,12,0,0
BRDA:303,12,1,0
BRDA:303,13,0,0
BRDA:303,13,1,0
BRF:31
BRH:0
end_of_record
TN:
SF:services\userService.js
FN:4,findUserByEmail
FN:15,addUser
FN:21,updateUser
FN:41,getAllUsers
FN:47,changeUserPassword
FN:56,setResetToken
FN:65,findUserByResetToken
FN:71,clearResetToken
FN:80,deleteUser
FNF:9
FNH:0
FNDA:0,findUserByEmail
FNDA:0,addUser
FNDA:0,updateUser
FNDA:0,getAllUsers
FNDA:0,changeUserPassword
FNDA:0,setResetToken
FNDA:0,findUserByResetToken
FNDA:0,clearResetToken
FNDA:0,deleteUser
DA:1,1
DA:5,0
DA:6,0
DA:7,0
DA:9,0
DA:10,0
DA:16,0
DA:17,0
DA:22,0
DA:24,0
DA:29,0
DA:30,0
DA:32,0
DA:34,0
DA:35,0
DA:37,0
DA:42,0
DA:43,0
DA:48,0
DA:49,0
DA:57,0
DA:58,0
DA:66,0
DA:67,0
DA:72,0
DA:73,0
DA:81,0
DA:82,0
DA:83,0
DA:84,0
DA:86,0
DA:87,0
DA:91,1
LF:33
LH:2
BRDA:30,0,0,0
BRDA:30,0,1,0
BRDA:34,1,0,0
BRDA:34,1,1,0
BRDA:34,2,0,0
BRDA:34,2,1,0
BRDA:37,3,0,0
BRDA:37,3,1,0
BRF:8
BRH:0
end_of_record
TN:
SF:utils\auth.js
FN:6,signJwt
FN:10,verifyJwt
FNF:2
FNH:0
FNDA:0,signJwt
FNDA:0,verifyJwt
DA:1,1
DA:3,1
DA:4,1
DA:7,0
DA:11,0
DA:14,1
LF:6
LH:4
BRF:0
BRH:0
end_of_record
TN:
SF:utils\logger.js
FN:57,(anonymous_0)
FN:62,(anonymous_1)
FN:68,(anonymous_2)
FN:73,(anonymous_3)
FN:91,(anonymous_4)
FN:108,(anonymous_5)
FN:113,(anonymous_6)
FN:122,(anonymous_7)
FN:132,(anonymous_8)
FN:142,(anonymous_9)
FN:154,(anonymous_10)
FN:165,(anonymous_11)
FN:177,(anonymous_12)
FN:190,(anonymous_13)
FN:203,(anonymous_14)
FN:208,(anonymous_15)
FN:212,(anonymous_16)
FN:216,(anonymous_17)
FN:221,(anonymous_18)
FN:250,(anonymous_19)
FN:262,(anonymous_20)
FNF:21
FNH:2
FNDA:1,(anonymous_0)
FNDA:1,(anonymous_1)
FNDA:0,(anonymous_2)
FNDA:0,(anonymous_3)
FNDA:0,(anonymous_4)
FNDA:0,(anonymous_5)
FNDA:0,(anonymous_6)
FNDA:0,(anonymous_7)
FNDA:0,(anonymous_8)
FNDA:0,(anonymous_9)
FNDA:0,(anonymous_10)
FNDA:0,(anonymous_11)
FNDA:0,(anonymous_12)
FNDA:0,(anonymous_13)
FNDA:0,(anonymous_14)
FNDA:0,(anonymous_15)
FNDA:0,(anonymous_16)
FNDA:0,(anonymous_17)
FNDA:0,(anonymous_18)
FNDA:0,(anonymous_19)
FNDA:0,(anonymous_20)
DA:1,1
DA:2,1
DA:5,1
DA:14,1
DA:58,1
DA:59,1
DA:63,1
DA:64,0
DA:69,0
DA:70,0
DA:74,0
DA:75,0
DA:88,0
DA:92,0
DA:93,0
DA:94,0
DA:96,0
DA:99,0
DA:100,0
DA:103,0
DA:109,0
DA:114,0
DA:123,0
DA:133,0
DA:143,0
DA:155,0
DA:166,0
DA:178,0
DA:191,0
DA:193,0
DA:199,0
DA:204,0
DA:209,0
DA:213,0
DA:217,0
DA:222,0
DA:223,0
DA:224,0
DA:225,0
DA:227,0
DA:228,0
DA:229,0
DA:230,0
DA:232,0
DA:233,0
DA:234,0
DA:235,0
DA:236,0
DA:242,0
DA:244,0
DA:245,0
DA:251,0
DA:252,0
DA:262,0
DA:263,0
DA:264,0
DA:265,0
DA:266,0
DA:268,0
DA:269,0
DA:270,0
DA:273,0
DA:278,1
DA:280,1
LF:64
LH:9
BRDA:63,0,0,0
BRDA:63,0,1,1
BRDA:81,1,0,0
BRDA:81,1,1,0
BRDA:82,2,0,0
BRDA:82,2,1,0
BRDA:83,3,0,0
BRDA:83,3,1,0
BRDA:84,4,0,0
BRDA:84,4,1,0
BRDA:99,5,0,0
BRDA:99,5,1,0
BRDA:191,6,0,0
BRDA:191,6,1,0
BRDA:221,7,0,0
BRDA:228,8,0,0
BRDA:228,8,1,0
BRDA:233,9,0,0
BRDA:233,9,1,0
BRDA:235,10,0,0
BRDA:235,10,1,0
BRDA:250,11,0,0
BRDA:263,12,0,0
BRDA:263,12,1,0
BRDA:264,13,0,0
BRDA:264,13,1,0
BRDA:265,14,0,0
BRDA:265,14,1,0
BRDA:266,15,0,0
BRDA:266,15,1,0
BRDA:268,16,0,0
BRDA:268,16,1,0
BRDA:269,17,0,0
BRDA:269,17,1,0
BRDA:270,18,0,0
BRDA:270,18,1,0
BRF:36
BRH:1
end_of_record
TN:
SF:utils\mailer.js
FN:9,sendVerificationEmail
FN:17,(anonymous_1)
FN:30,sendResetPasswordEmail
FN:38,(anonymous_3)
FNF:4
FNH:0
FNDA:0,sendVerificationEmail
FNDA:0,(anonymous_1)
FNDA:0,sendResetPasswordEmail
FNDA:0,(anonymous_3)
DA:3,1
DA:6,1
DA:7,1
DA:10,0
DA:11,0
DA:12,0
DA:13,0
DA:16,0
DA:17,0
DA:18,0
DA:19,0
DA:20,0
DA:21,0
DA:22,0
DA:23,0
DA:25,0
DA:26,0
DA:31,0
DA:32,0
DA:33,0
DA:34,0
DA:37,0
DA:38,0
DA:39,0
DA:40,0
DA:41,0
DA:42,0
DA:43,0
DA:44,0
DA:46,0
DA:47,0
DA:51,1
LF:32
LH:4
BRDA:17,0,0,0
BRDA:17,0,1,0
BRDA:38,1,0,0
BRDA:38,1,1,0
BRF:4
BRH:0
end_of_record
TN:
SF:utils\testCleanup.js
FN:5,(anonymous_0)
FN:10,(anonymous_1)
FN:20,(anonymous_2)
FN:25,(anonymous_3)
FN:72,(anonymous_4)
FN:81,(anonymous_5)
FNF:6
FNH:0
FNDA:0,(anonymous_0)
FNDA:0,(anonymous_1)
FNDA:0,(anonymous_2)
FNDA:0,(anonymous_3)
FNDA:0,(anonymous_4)
FNDA:0,(anonymous_5)
DA:1,0
DA:2,0
DA:6,0
DA:11,0
DA:12,0
DA:14,0
DA:15,0
DA:21,0
DA:26,0
DA:27,0
DA:29,0
DA:31,0
DA:34,0
DA:35,0
DA:36,0
DA:37,0
DA:38,0
DA:39,0
DA:40,0
DA:43,0
DA:48,0
DA:49,0
DA:52,0
DA:53,0
DA:57,0
DA:58,0
DA:59,0
DA:62,0
DA:63,0
DA:64,0
DA:66,0
DA:67,0
DA:73,0
DA:77,0
DA:82,0
DA:86,0
DA:91,0
LF:37
LH:0
BRDA:37,0,0,0
BRDA:37,0,1,0
BRDA:57,1,0,0
BRDA:57,1,1,0
BRDA:72,2,0,0
BRDA:81,3,0,0
BRF:6
BRH:0
end_of_record
