{"/root/TrueGate/backend/db.js":{"path":"/root/TrueGate/backend/db.js","statementMap":{"0":{"start":{"line":1,"column":24},"end":{"line":1,"column":42}},"1":{"start":{"line":2,"column":12},"end":{"line":2,"column":35}},"2":{"start":{"line":3,"column":15},"end":{"line":3,"column":37}},"3":{"start":{"line":9,"column":0},"end":{"line":16,"column":1}},"4":{"start":{"line":10,"column":2},"end":{"line":10,"column":32}},"5":{"start":{"line":11,"column":23},"end":{"line":11,"column":47}},"6":{"start":{"line":12,"column":2},"end":{"line":12,"column":56}},"7":{"start":{"line":13,"column":2},"end":{"line":13,"column":53}},"8":{"start":{"line":15,"column":2},"end":{"line":15,"column":79}},"9":{"start":{"line":19,"column":2},"end":{"line":21,"column":3}},"10":{"start":{"line":20,"column":4},"end":{"line":20,"column":50}},"11":{"start":{"line":23,"column":2},"end":{"line":26,"column":3}},"12":{"start":{"line":24,"column":4},"end":{"line":24,"column":27}},"13":{"start":{"line":25,"column":4},"end":{"line":25,"column":27}},"14":{"start":{"line":27,"column":2},"end":{"line":27,"column":12}},"15":{"start":{"line":31,"column":2},"end":{"line":31,"column":47}},"16":{"start":{"line":31,"column":11},"end":{"line":31,"column":47}},"17":{"start":{"line":32,"column":2},"end":{"line":32,"column":12}},"18":{"start":{"line":35,"column":0},"end":{"line":35,"column":38}}},"fnMap":{"0":{"name":"connectDb","decl":{"start":{"line":18,"column":15},"end":{"line":18,"column":24}},"loc":{"start":{"line":18,"column":27},"end":{"line":28,"column":1}},"line":18},"1":{"name":"getDb","decl":{"start":{"line":30,"column":9},"end":{"line":30,"column":14}},"loc":{"start":{"line":30,"column":17},"end":{"line":33,"column":1}},"line":30}},"branchMap":{"0":{"loc":{"start":{"line":9,"column":0},"end":{"line":16,"column":1}},"type":"if","locations":[{"start":{"line":9,"column":0},"end":{"line":16,"column":1}},{"start":{"line":9,"column":0},"end":{"line":16,"column":1}}],"line":9},"1":{"loc":{"start":{"line":11,"column":23},"end":{"line":11,"column":47}},"type":"binary-expr","locations":[{"start":{"line":11,"column":23},"end":{"line":11,"column":40}},{"start":{"line":11,"column":44},"end":{"line":11,"column":47}}],"line":11},"2":{"loc":{"start":{"line":19,"column":2},"end":{"line":21,"column":3}},"type":"if","locations":[{"start":{"line":19,"column":2},"end":{"line":21,"column":3}},{"start":{"line":19,"column":2},"end":{"line":21,"column":3}}],"line":19},"3":{"loc":{"start":{"line":23,"column":2},"end":{"line":26,"column":3}},"type":"if","locations":[{"start":{"line":23,"column":2},"end":{"line":26,"column":3}},{"start":{"line":23,"column":2},"end":{"line":26,"column":3}}],"line":23},"4":{"loc":{"start":{"line":31,"column":2},"end":{"line":31,"column":47}},"type":"if","locations":[{"start":{"line":31,"column":2},"end":{"line":31,"column":47}},{"start":{"line":31,"column":2},"end":{"line":31,"column":47}}],"line":31}},"s":{"0":1,"1":1,"2":1,"3":1,"4":1,"5":1,"6":1,"7":1,"8":0,"9":0,"10":0,"11":0,"12":0,"13":0,"14":0,"15":0,"16":0,"17":0,"18":1},"f":{"0":0,"1":0},"b":{"0":[1,0],"1":[1,1],"2":[0,0],"3":[0,0],"4":[0,0]},"_coverageSchema":"1a1c01bbd47fc00a2c39e90264f33305004495a9","hash":"5d69461f6b9fcd348fc1a20b07b1218d7547630e","contentHash":"41258f66d0489e2fc954564f7c2fcc89c13f6193f44e8426d026a7fbb71ec793"},"/root/TrueGate/backend/middleware/csrfMiddleware.js":{"path":"/root/TrueGate/backend/middleware/csrfMiddleware.js","statementMap":{"0":{"start":{"line":1,"column":23},"end":{"line":1,"column":43}},"1":{"start":{"line":4,"column":19},"end":{"line":35,"column":1}},"2":{"start":{"line":5,"column":22},"end":{"line":5,"column":45}},"3":{"start":{"line":6,"column":33},"end":{"line":6,"column":49}},"4":{"start":{"line":16,"column":4},"end":{"line":32,"column":5}},"5":{"start":{"line":18,"column":26},"end":{"line":18,"column":53}},"6":{"start":{"line":19,"column":26},"end":{"line":19,"column":101}},"7":{"start":{"line":21,"column":6},"end":{"line":27,"column":7}},"8":{"start":{"line":22,"column":8},"end":{"line":25,"column":10}},"9":{"start":{"line":26,"column":8},"end":{"line":26,"column":20}},"10":{"start":{"line":28,"column":6},"end":{"line":28,"column":25}},"11":{"start":{"line":30,"column":6},"end":{"line":30,"column":59}},"12":{"start":{"line":31,"column":6},"end":{"line":31,"column":18}},"13":{"start":{"line":38,"column":91},"end":{"line":38,"column":113}},"14":{"start":{"line":41,"column":26},"end":{"line":54,"column":1}},"15":{"start":{"line":42,"column":21},"end":{"line":46,"column":3}},"16":{"start":{"line":48,"column":2},"end":{"line":50,"column":3}},"17":{"start":{"line":49,"column":4},"end":{"line":49,"column":18}},"18":{"start":{"line":53,"column":2},"end":{"line":53,"column":33}},"19":{"start":{"line":57,"column":20},"end":{"line":79,"column":1}},"20":{"start":{"line":58,"column":29},"end":{"line":65,"column":3}},"21":{"start":{"line":67,"column":25},"end":{"line":72,"column":4}},"22":{"start":{"line":69,"column":25},"end":{"line":69,"column":58}},"23":{"start":{"line":70,"column":18},"end":{"line":70,"column":49}},"24":{"start":{"line":71,"column":4},"end":{"line":71,"column":56}},"25":{"start":{"line":74,"column":2},"end":{"line":76,"column":3}},"26":{"start":{"line":75,"column":4},"end":{"line":75,"column":42}},"27":{"start":{"line":78,"column":2},"end":{"line":78,"column":9}},"28":{"start":{"line":81,"column":0},"end":{"line":87,"column":2}}},"fnMap":{"0":{"name":"(anonymous_0)","decl":{"start":{"line":5,"column":13},"end":{"line":5,"column":14}},"loc":{"start":{"line":5,"column":22},"end":{"line":5,"column":45}},"line":5},"1":{"name":"(anonymous_1)","decl":{"start":{"line":6,"column":24},"end":{"line":6,"column":25}},"loc":{"start":{"line":6,"column":33},"end":{"line":6,"column":49}},"line":6},"2":{"name":"(anonymous_2)","decl":{"start":{"line":15,"column":27},"end":{"line":15,"column":28}},"loc":{"start":{"line":15,"column":36},"end":{"line":33,"column":3}},"line":15},"3":{"name":"(anonymous_3)","decl":{"start":{"line":41,"column":26},"end":{"line":41,"column":27}},"loc":{"start":{"line":41,"column":46},"end":{"line":54,"column":1}},"line":41},"4":{"name":"(anonymous_4)","decl":{"start":{"line":57,"column":20},"end":{"line":57,"column":21}},"loc":{"start":{"line":57,"column":40},"end":{"line":79,"column":1}},"line":57},"5":{"name":"(anonymous_5)","decl":{"start":{"line":67,"column":49},"end":{"line":67,"column":50}},"loc":{"start":{"line":67,"column":58},"end":{"line":72,"column":3}},"line":67}},"branchMap":{"0":{"loc":{"start":{"line":6,"column":33},"end":{"line":6,"column":49}},"type":"binary-expr","locations":[{"start":{"line":6,"column":33},"end":{"line":6,"column":39}},{"start":{"line":6,"column":43},"end":{"line":6,"column":49}}],"line":6},"1":{"loc":{"start":{"line":19,"column":26},"end":{"line":19,"column":101}},"type":"cond-expr","locations":[{"start":{"line":19,"column":69},"end":{"line":19,"column":94}},{"start":{"line":19,"column":97},"end":{"line":19,"column":101}}],"line":19},"2":{"loc":{"start":{"line":19,"column":26},"end":{"line":19,"column":66}},"type":"binary-expr","locations":[{"start":{"line":19,"column":26},"end":{"line":19,"column":37}},{"start":{"line":19,"column":41},"end":{"line":19,"column":66}}],"line":19},"3":{"loc":{"start":{"line":21,"column":6},"end":{"line":27,"column":7}},"type":"if","locations":[{"start":{"line":21,"column":6},"end":{"line":27,"column":7}},{"start":{"line":21,"column":6},"end":{"line":27,"column":7}}],"line":21},"4":{"loc":{"start":{"line":21,"column":10},"end":{"line":21,"column":69}},"type":"binary-expr","locations":[{"start":{"line":21,"column":10},"end":{"line":21,"column":22}},{"start":{"line":21,"column":26},"end":{"line":21,"column":38}},{"start":{"line":21,"column":42},"end":{"line":21,"column":69}}],"line":21},"5":{"loc":{"start":{"line":23,"column":62},"end":{"line":23,"column":81}},"type":"binary-expr","locations":[{"start":{"line":23,"column":62},"end":{"line":23,"column":68}},{"start":{"line":23,"column":72},"end":{"line":23,"column":81}}],"line":23},"6":{"loc":{"start":{"line":23,"column":88},"end":{"line":23,"column":114}},"type":"binary-expr","locations":[{"start":{"line":23,"column":88},"end":{"line":23,"column":103}},{"start":{"line":23,"column":107},"end":{"line":23,"column":114}}],"line":23},"7":{"loc":{"start":{"line":24,"column":27},"end":{"line":24,"column":66}},"type":"cond-expr","locations":[{"start":{"line":24,"column":41},"end":{"line":24,"column":52}},{"start":{"line":24,"column":55},"end":{"line":24,"column":66}}],"line":24},"8":{"loc":{"start":{"line":24,"column":85},"end":{"line":24,"column":124}},"type":"cond-expr","locations":[{"start":{"line":24,"column":99},"end":{"line":24,"column":110}},{"start":{"line":24,"column":113},"end":{"line":24,"column":124}}],"line":24},"9":{"loc":{"start":{"line":48,"column":2},"end":{"line":50,"column":3}},"type":"if","locations":[{"start":{"line":48,"column":2},"end":{"line":50,"column":3}},{"start":{"line":48,"column":2},"end":{"line":50,"column":3}}],"line":48},"10":{"loc":{"start":{"line":71,"column":11},"end":{"line":71,"column":55}},"type":"binary-expr","locations":[{"start":{"line":71,"column":11},"end":{"line":71,"column":31}},{"start":{"line":71,"column":35},"end":{"line":71,"column":55}}],"line":71},"11":{"loc":{"start":{"line":74,"column":2},"end":{"line":76,"column":3}},"type":"if","locations":[{"start":{"line":74,"column":2},"end":{"line":76,"column":3}},{"start":{"line":74,"column":2},"end":{"line":76,"column":3}}],"line":74}},"s":{"0":1,"1":1,"2":0,"3":0,"4":0,"5":0,"6":0,"7":0,"8":0,"9":0,"10":0,"11":0,"12":0,"13":1,"14":1,"15":0,"16":0,"17":0,"18":0,"19":1,"20":0,"21":0,"22":0,"23":0,"24":0,"25":0,"26":0,"27":0,"28":1},"f":{"0":0,"1":0,"2":0,"3":0,"4":0,"5":0},"b":{"0":[0,0],"1":[0,0],"2":[0,0],"3":[0,0],"4":[0,0,0],"5":[0,0],"6":[0,0],"7":[0,0],"8":[0,0],"9":[0,0],"10":[0,0],"11":[0,0]},"_coverageSchema":"1a1c01bbd47fc00a2c39e90264f33305004495a9","hash":"dfc01edf2a34ffd45109f196c2b5a9e8e983fbd1","contentHash":"ac10d29fd8a8b20f99abd5f7f1b2e5f563a089bd593da2da71df4f52cd9afb67"},"/root/TrueGate/backend/app.js":{"path":"/root/TrueGate/backend/app.js","statementMap":{"0":{"start":{"line":1,"column":15},"end":{"line":1,"column":32}},"1":{"start":{"line":2,"column":0},"end":{"line":2,"column":16}},"2":{"start":{"line":3,"column":16},"end":{"line":3,"column":34}},"3":{"start":{"line":4,"column":13},"end":{"line":4,"column":28}},"4":{"start":{"line":5,"column":15},"end":{"line":5,"column":32}},"5":{"start":{"line":6,"column":21},"end":{"line":6,"column":45}},"6":{"start":{"line":7,"column":18},"end":{"line":7,"column":47}},"7":{"start":{"line":8,"column":66},"end":{"line":8,"column":104}},"8":{"start":{"line":17,"column":4},"end":{"line":17,"column":46}},"9":{"start":{"line":19,"column":22},"end":{"line":19,"column":37}},"10":{"start":{"line":20,"column":18},"end":{"line":20,"column":47}},"11":{"start":{"line":21,"column":21},"end":{"line":21,"column":48}},"12":{"start":{"line":23,"column":12},"end":{"line":23,"column":21}},"13":{"start":{"line":24,"column":13},"end":{"line":24,"column":37}},"14":{"start":{"line":27,"column":0},"end":{"line":27,"column":18}},"15":{"start":{"line":28,"column":0},"end":{"line":33,"column":4}},"16":{"start":{"line":35,"column":0},"end":{"line":35,"column":24}},"17":{"start":{"line":36,"column":0},"end":{"line":36,"column":24}},"18":{"start":{"line":46,"column":0},"end":{"line":52,"column":3}},"19":{"start":{"line":47,"column":2},"end":{"line":51,"column":5}},"20":{"start":{"line":55,"column":0},"end":{"line":55,"column":27}},"21":{"start":{"line":58,"column":0},"end":{"line":68,"column":3}},"22":{"start":{"line":59,"column":2},"end":{"line":67,"column":3}},"23":{"start":{"line":60,"column":22},"end":{"line":60,"column":49}},"24":{"start":{"line":61,"column":4},"end":{"line":61,"column":75}},"25":{"start":{"line":62,"column":4},"end":{"line":62,"column":80}},"26":{"start":{"line":63,"column":4},"end":{"line":63,"column":28}},"27":{"start":{"line":65,"column":4},"end":{"line":65,"column":57}},"28":{"start":{"line":66,"column":4},"end":{"line":66,"column":69}},"29":{"start":{"line":71,"column":0},"end":{"line":71,"column":21}},"30":{"start":{"line":74,"column":19},"end":{"line":74,"column":43}},"31":{"start":{"line":75,"column":23},"end":{"line":75,"column":51}},"32":{"start":{"line":76,"column":26},"end":{"line":76,"column":57}},"33":{"start":{"line":79,"column":27},"end":{"line":79,"column":73}},"34":{"start":{"line":82,"column":0},"end":{"line":82,"column":31}},"35":{"start":{"line":83,"column":0},"end":{"line":83,"column":39}},"36":{"start":{"line":84,"column":0},"end":{"line":84,"column":44}},"37":{"start":{"line":85,"column":0},"end":{"line":85,"column":40}},"38":{"start":{"line":86,"column":0},"end":{"line":86,"column":41}},"39":{"start":{"line":89,"column":0},"end":{"line":89,"column":32}},"40":{"start":{"line":92,"column":0},"end":{"line":92,"column":28}},"41":{"start":{"line":93,"column":0},"end":{"line":93,"column":41}},"42":{"start":{"line":94,"column":0},"end":{"line":94,"column":47}},"43":{"start":{"line":97,"column":0},"end":{"line":100,"column":3}},"44":{"start":{"line":98,"column":32},"end":{"line":98,"column":78}},"45":{"start":{"line":99,"column":2},"end":{"line":99,"column":30}},"46":{"start":{"line":103,"column":0},"end":{"line":113,"column":4}},"47":{"start":{"line":116,"column":0},"end":{"line":125,"column":3}},"48":{"start":{"line":117,"column":2},"end":{"line":123,"column":3}},"49":{"start":{"line":122,"column":4},"end":{"line":122,"column":65}},"50":{"start":{"line":124,"column":2},"end":{"line":124,"column":9}},"51":{"start":{"line":128,"column":0},"end":{"line":128,"column":27}},"52":{"start":{"line":129,"column":0},"end":{"line":134,"column":3}},"53":{"start":{"line":130,"column":2},"end":{"line":132,"column":3}},"54":{"start":{"line":131,"column":4},"end":{"line":131,"column":65}},"55":{"start":{"line":133,"column":2},"end":{"line":133,"column":12}},"56":{"start":{"line":137,"column":0},"end":{"line":140,"column":3}},"57":{"start":{"line":138,"column":2},"end":{"line":138,"column":41}},"58":{"start":{"line":139,"column":2},"end":{"line":139,"column":59}},"59":{"start":{"line":143,"column":20},"end":{"line":157,"column":1}},"60":{"start":{"line":144,"column":2},"end":{"line":150,"column":3}},"61":{"start":{"line":145,"column":4},"end":{"line":145,"column":22}},"62":{"start":{"line":146,"column":4},"end":{"line":146,"column":53}},"63":{"start":{"line":148,"column":4},"end":{"line":148,"column":76}},"64":{"start":{"line":149,"column":4},"end":{"line":149,"column":75}},"65":{"start":{"line":152,"column":2},"end":{"line":156,"column":5}},"66":{"start":{"line":153,"column":4},"end":{"line":153,"column":63}},"67":{"start":{"line":154,"column":4},"end":{"line":154,"column":50}},"68":{"start":{"line":155,"column":4},"end":{"line":155,"column":53}},"69":{"start":{"line":160,"column":0},"end":{"line":160,"column":21}},"70":{"start":{"line":163,"column":0},"end":{"line":165,"column":1}},"71":{"start":{"line":164,"column":2},"end":{"line":164,"column":16}}},"fnMap":{"0":{"name":"(anonymous_0)","decl":{"start":{"line":46,"column":19},"end":{"line":46,"column":20}},"loc":{"start":{"line":46,"column":33},"end":{"line":52,"column":1}},"line":46},"1":{"name":"(anonymous_1)","decl":{"start":{"line":58,"column":27},"end":{"line":58,"column":28}},"loc":{"start":{"line":58,"column":41},"end":{"line":68,"column":1}},"line":58},"2":{"name":"(anonymous_2)","decl":{"start":{"line":97,"column":31},"end":{"line":97,"column":32}},"loc":{"start":{"line":97,"column":45},"end":{"line":100,"column":1}},"line":97},"3":{"name":"(anonymous_3)","decl":{"start":{"line":116,"column":8},"end":{"line":116,"column":9}},"loc":{"start":{"line":116,"column":28},"end":{"line":125,"column":1}},"line":116},"4":{"name":"(anonymous_4)","decl":{"start":{"line":129,"column":8},"end":{"line":129,"column":9}},"loc":{"start":{"line":129,"column":33},"end":{"line":134,"column":1}},"line":129},"5":{"name":"(anonymous_5)","decl":{"start":{"line":137,"column":8},"end":{"line":137,"column":9}},"loc":{"start":{"line":137,"column":33},"end":{"line":140,"column":1}},"line":137},"6":{"name":"(anonymous_6)","decl":{"start":{"line":143,"column":20},"end":{"line":143,"column":21}},"loc":{"start":{"line":143,"column":32},"end":{"line":157,"column":1}},"line":143},"7":{"name":"(anonymous_7)","decl":{"start":{"line":152,"column":19},"end":{"line":152,"column":20}},"loc":{"start":{"line":152,"column":25},"end":{"line":156,"column":3}},"line":152}},"branchMap":{"0":{"loc":{"start":{"line":24,"column":13},"end":{"line":24,"column":37}},"type":"binary-expr","locations":[{"start":{"line":24,"column":13},"end":{"line":24,"column":29}},{"start":{"line":24,"column":33},"end":{"line":24,"column":37}}],"line":24},"1":{"loc":{"start":{"line":61,"column":41},"end":{"line":61,"column":73}},"type":"cond-expr","locations":[{"start":{"line":61,"column":53},"end":{"line":61,"column":62}},{"start":{"line":61,"column":65},"end":{"line":61,"column":73}}],"line":61},"2":{"loc":{"start":{"line":62,"column":36},"end":{"line":62,"column":78}},"type":"cond-expr","locations":[{"start":{"line":62,"column":66},"end":{"line":62,"column":71}},{"start":{"line":62,"column":74},"end":{"line":62,"column":78}}],"line":62},"3":{"loc":{"start":{"line":117,"column":2},"end":{"line":123,"column":3}},"type":"if","locations":[{"start":{"line":117,"column":2},"end":{"line":123,"column":3}},{"start":{"line":117,"column":2},"end":{"line":123,"column":3}}],"line":117},"4":{"loc":{"start":{"line":118,"column":4},"end":{"line":120,"column":32}},"type":"binary-expr","locations":[{"start":{"line":118,"column":4},"end":{"line":118,"column":48}},{"start":{"line":119,"column":4},"end":{"line":119,"column":32}},{"start":{"line":120,"column":4},"end":{"line":120,"column":32}}],"line":118},"5":{"loc":{"start":{"line":130,"column":2},"end":{"line":132,"column":3}},"type":"if","locations":[{"start":{"line":130,"column":2},"end":{"line":132,"column":3}},{"start":{"line":130,"column":2},"end":{"line":132,"column":3}}],"line":130},"6":{"loc":{"start":{"line":130,"column":6},"end":{"line":130,"column":94}},"type":"binary-expr","locations":[{"start":{"line":130,"column":6},"end":{"line":130,"column":34}},{"start":{"line":130,"column":38},"end":{"line":130,"column":61}},{"start":{"line":130,"column":65},"end":{"line":130,"column":94}}],"line":130},"7":{"loc":{"start":{"line":163,"column":0},"end":{"line":165,"column":1}},"type":"if","locations":[{"start":{"line":163,"column":0},"end":{"line":165,"column":1}},{"start":{"line":163,"column":0},"end":{"line":165,"column":1}}],"line":163}},"s":{"0":1,"1":1,"2":1,"3":1,"4":1,"5":1,"6":1,"7":1,"8":1,"9":1,"10":1,"11":1,"12":1,"13":1,"14":1,"15":1,"16":1,"17":1,"18":1,"19":1,"20":1,"21":1,"22":1,"23":1,"24":1,"25":1,"26":1,"27":0,"28":0,"29":1,"30":1,"31":1,"32":1,"33":1,"34":1,"35":1,"36":1,"37":1,"38":1,"39":1,"40":1,"41":1,"42":1,"43":1,"44":0,"45":0,"46":1,"47":1,"48":1,"49":0,"50":1,"51":1,"52":1,"53":0,"54":0,"55":0,"56":1,"57":0,"58":0,"59":1,"60":0,"61":0,"62":0,"63":0,"64":0,"65":0,"66":0,"67":0,"68":0,"69":1,"70":1,"71":0},"f":{"0":1,"1":1,"2":0,"3":1,"4":0,"5":0,"6":0,"7":0},"b":{"0":[1,0],"1":[1,0],"2":[0,1],"3":[0,1],"4":[1,1,1],"5":[0,0],"6":[0,0,0],"7":[0,1]},"_coverageSchema":"1a1c01bbd47fc00a2c39e90264f33305004495a9","hash":"43f6fba14ea1587deb1816fd937c5f3324e30e73","contentHash":"148a005ed54bf8dcb33a226e17248efe3f765886a93962d5e5ab8f468b70d80f"},"/root/TrueGate/backend/middleware/securityMiddleware.js":{"path":"/root/TrueGate/backend/middleware/securityMiddleware.js","statementMap":{"0":{"start":{"line":1,"column":44},"end":{"line":1,"column":70}},"1":{"start":{"line":4,"column":26},"end":{"line":13,"column":1}},"2":{"start":{"line":5,"column":2},"end":{"line":12,"column":4}},"3":{"start":{"line":16,"column":26},"end":{"line":61,"column":1}},"4":{"start":{"line":17,"column":21},"end":{"line":17,"column":43}},"5":{"start":{"line":20,"column":29},"end":{"line":28,"column":3}},"6":{"start":{"line":30,"column":22},"end":{"line":30,"column":46}},"7":{"start":{"line":31,"column":23},"end":{"line":31,"column":48}},"8":{"start":{"line":32,"column":25},"end":{"line":32,"column":52}},"9":{"start":{"line":35,"column":19},"end":{"line":35,"column":69}},"10":{"start":{"line":36,"column":2},"end":{"line":48,"column":3}},"11":{"start":{"line":37,"column":4},"end":{"line":47,"column":5}},"12":{"start":{"line":38,"column":6},"end":{"line":45,"column":8}},"13":{"start":{"line":46,"column":6},"end":{"line":46,"column":12}},"14":{"start":{"line":51,"column":2},"end":{"line":58,"column":3}},"15":{"start":{"line":52,"column":4},"end":{"line":57,"column":6}},"16":{"start":{"line":60,"column":2},"end":{"line":60,"column":9}},"17":{"start":{"line":64,"column":26},"end":{"line":88,"column":1}},"18":{"start":{"line":65,"column":2},"end":{"line":86,"column":3}},"19":{"start":{"line":66,"column":23},"end":{"line":66,"column":45}},"20":{"start":{"line":68,"column":22},"end":{"line":68,"column":31}},"21":{"start":{"line":69,"column":4},"end":{"line":77,"column":5}},"22":{"start":{"line":70,"column":6},"end":{"line":70,"column":37}},"23":{"start":{"line":71,"column":11},"end":{"line":77,"column":5}},"24":{"start":{"line":72,"column":6},"end":{"line":72,"column":37}},"25":{"start":{"line":73,"column":11},"end":{"line":77,"column":5}},"26":{"start":{"line":74,"column":6},"end":{"line":74,"column":31}},"27":{"start":{"line":76,"column":6},"end":{"line":76,"column":30}},"28":{"start":{"line":79,"column":4},"end":{"line":85,"column":6}},"29":{"start":{"line":87,"column":2},"end":{"line":87,"column":12}},"30":{"start":{"line":91,"column":22},"end":{"line":142,"column":1}},"31":{"start":{"line":92,"column":21},"end":{"line":92,"column":43}},"32":{"start":{"line":95,"column":2},"end":{"line":128,"column":3}},"33":{"start":{"line":96,"column":25},"end":{"line":96,"column":33}},"34":{"start":{"line":97,"column":4},"end":{"line":127,"column":6}},"35":{"start":{"line":98,"column":6},"end":{"line":125,"column":7}},"36":{"start":{"line":99,"column":25},"end":{"line":99,"column":41}},"37":{"start":{"line":100,"column":8},"end":{"line":119,"column":9}},"38":{"start":{"line":101,"column":10},"end":{"line":105,"column":12}},"39":{"start":{"line":106,"column":15},"end":{"line":119,"column":9}},"40":{"start":{"line":107,"column":10},"end":{"line":112,"column":12}},"41":{"start":{"line":113,"column":15},"end":{"line":119,"column":9}},"42":{"start":{"line":114,"column":10},"end":{"line":118,"column":12}},"43":{"start":{"line":121,"column":8},"end":{"line":124,"column":11}},"44":{"start":{"line":126,"column":6},"end":{"line":126,"column":43}},"45":{"start":{"line":131,"column":2},"end":{"line":139,"column":3}},"46":{"start":{"line":132,"column":4},"end":{"line":138,"column":6}},"47":{"start":{"line":141,"column":2},"end":{"line":141,"column":9}},"48":{"start":{"line":145,"column":30},"end":{"line":176,"column":1}},"49":{"start":{"line":146,"column":2},"end":{"line":174,"column":3}},"50":{"start":{"line":147,"column":23},"end":{"line":147,"column":45}},"51":{"start":{"line":149,"column":25},"end":{"line":149,"column":33}},"52":{"start":{"line":150,"column":4},"end":{"line":173,"column":6}},"53":{"start":{"line":151,"column":6},"end":{"line":171,"column":7}},"54":{"start":{"line":152,"column":25},"end":{"line":152,"column":41}},"55":{"start":{"line":153,"column":8},"end":{"line":168,"column":9}},"56":{"start":{"line":154,"column":10},"end":{"line":159,"column":13}},"57":{"start":{"line":160,"column":15},"end":{"line":168,"column":9}},"58":{"start":{"line":161,"column":10},"end":{"line":167,"column":13}},"59":{"start":{"line":172,"column":6},"end":{"line":172,"column":43}},"60":{"start":{"line":175,"column":2},"end":{"line":175,"column":9}},"61":{"start":{"line":179,"column":35},"end":{"line":210,"column":1}},"62":{"start":{"line":180,"column":2},"end":{"line":208,"column":3}},"63":{"start":{"line":181,"column":23},"end":{"line":181,"column":45}},"64":{"start":{"line":183,"column":25},"end":{"line":183,"column":33}},"65":{"start":{"line":184,"column":4},"end":{"line":207,"column":6}},"66":{"start":{"line":185,"column":6},"end":{"line":205,"column":7}},"67":{"start":{"line":186,"column":25},"end":{"line":186,"column":41}},"68":{"start":{"line":187,"column":8},"end":{"line":202,"column":9}},"69":{"start":{"line":188,"column":10},"end":{"line":193,"column":13}},"70":{"start":{"line":194,"column":15},"end":{"line":202,"column":9}},"71":{"start":{"line":195,"column":10},"end":{"line":201,"column":13}},"72":{"start":{"line":206,"column":6},"end":{"line":206,"column":43}},"73":{"start":{"line":209,"column":2},"end":{"line":209,"column":9}},"74":{"start":{"line":213,"column":31},"end":{"line":255,"column":1}},"75":{"start":{"line":214,"column":2},"end":{"line":253,"column":3}},"76":{"start":{"line":215,"column":23},"end":{"line":215,"column":45}},"77":{"start":{"line":217,"column":25},"end":{"line":217,"column":33}},"78":{"start":{"line":218,"column":4},"end":{"line":252,"column":6}},"79":{"start":{"line":219,"column":6},"end":{"line":250,"column":7}},"80":{"start":{"line":220,"column":25},"end":{"line":220,"column":41}},"81":{"start":{"line":221,"column":8},"end":{"line":247,"column":9}},"82":{"start":{"line":222,"column":10},"end":{"line":229,"column":11}},"83":{"start":{"line":223,"column":12},"end":{"line":228,"column":15}},"84":{"start":{"line":230,"column":15},"end":{"line":247,"column":9}},"85":{"start":{"line":231,"column":10},"end":{"line":246,"column":11}},"86":{"start":{"line":232,"column":12},"end":{"line":237,"column":15}},"87":{"start":{"line":238,"column":17},"end":{"line":246,"column":11}},"88":{"start":{"line":239,"column":12},"end":{"line":245,"column":15}},"89":{"start":{"line":251,"column":6},"end":{"line":251,"column":43}},"90":{"start":{"line":254,"column":2},"end":{"line":254,"column":9}},"91":{"start":{"line":258,"column":32},"end":{"line":281,"column":1}},"92":{"start":{"line":259,"column":2},"end":{"line":279,"column":3}},"93":{"start":{"line":260,"column":23},"end":{"line":260,"column":45}},"94":{"start":{"line":262,"column":25},"end":{"line":262,"column":33}},"95":{"start":{"line":263,"column":4},"end":{"line":278,"column":6}},"96":{"start":{"line":264,"column":6},"end":{"line":276,"column":7}},"97":{"start":{"line":265,"column":25},"end":{"line":265,"column":41}},"98":{"start":{"line":266,"column":8},"end":{"line":273,"column":9}},"99":{"start":{"line":267,"column":10},"end":{"line":272,"column":13}},"100":{"start":{"line":277,"column":6},"end":{"line":277,"column":43}},"101":{"start":{"line":280,"column":2},"end":{"line":280,"column":9}},"102":{"start":{"line":283,"column":0},"end":{"line":292,"column":2}}},"fnMap":{"0":{"name":"(anonymous_0)","decl":{"start":{"line":4,"column":26},"end":{"line":4,"column":27}},"loc":{"start":{"line":4,"column":35},"end":{"line":13,"column":1}},"line":4},"1":{"name":"(anonymous_1)","decl":{"start":{"line":16,"column":26},"end":{"line":16,"column":27}},"loc":{"start":{"line":16,"column":46},"end":{"line":61,"column":1}},"line":16},"2":{"name":"(anonymous_2)","decl":{"start":{"line":64,"column":26},"end":{"line":64,"column":27}},"loc":{"start":{"line":64,"column":51},"end":{"line":88,"column":1}},"line":64},"3":{"name":"(anonymous_3)","decl":{"start":{"line":91,"column":22},"end":{"line":91,"column":23}},"loc":{"start":{"line":91,"column":42},"end":{"line":142,"column":1}},"line":91},"4":{"name":"(anonymous_4)","decl":{"start":{"line":97,"column":15},"end":{"line":97,"column":16}},"loc":{"start":{"line":97,"column":30},"end":{"line":127,"column":5}},"line":97},"5":{"name":"(anonymous_5)","decl":{"start":{"line":145,"column":30},"end":{"line":145,"column":31}},"loc":{"start":{"line":145,"column":50},"end":{"line":176,"column":1}},"line":145},"6":{"name":"(anonymous_6)","decl":{"start":{"line":150,"column":15},"end":{"line":150,"column":16}},"loc":{"start":{"line":150,"column":30},"end":{"line":173,"column":5}},"line":150},"7":{"name":"(anonymous_7)","decl":{"start":{"line":179,"column":35},"end":{"line":179,"column":36}},"loc":{"start":{"line":179,"column":55},"end":{"line":210,"column":1}},"line":179},"8":{"name":"(anonymous_8)","decl":{"start":{"line":184,"column":15},"end":{"line":184,"column":16}},"loc":{"start":{"line":184,"column":30},"end":{"line":207,"column":5}},"line":184},"9":{"name":"(anonymous_9)","decl":{"start":{"line":213,"column":31},"end":{"line":213,"column":32}},"loc":{"start":{"line":213,"column":51},"end":{"line":255,"column":1}},"line":213},"10":{"name":"(anonymous_10)","decl":{"start":{"line":218,"column":15},"end":{"line":218,"column":16}},"loc":{"start":{"line":218,"column":30},"end":{"line":252,"column":5}},"line":218},"11":{"name":"(anonymous_11)","decl":{"start":{"line":258,"column":32},"end":{"line":258,"column":33}},"loc":{"start":{"line":258,"column":52},"end":{"line":281,"column":1}},"line":258},"12":{"name":"(anonymous_12)","decl":{"start":{"line":263,"column":15},"end":{"line":263,"column":16}},"loc":{"start":{"line":263,"column":30},"end":{"line":278,"column":5}},"line":263}},"branchMap":{"0":{"loc":{"start":{"line":6,"column":8},"end":{"line":6,"column":93}},"type":"binary-expr","locations":[{"start":{"line":6,"column":8},"end":{"line":6,"column":14}},{"start":{"line":6,"column":18},"end":{"line":6,"column":46}},{"start":{"line":6,"column":50},"end":{"line":6,"column":80}},{"start":{"line":6,"column":84},"end":{"line":6,"column":93}}],"line":6},"1":{"loc":{"start":{"line":7,"column":15},"end":{"line":7,"column":53}},"type":"binary-expr","locations":[{"start":{"line":7,"column":15},"end":{"line":7,"column":40}},{"start":{"line":7,"column":44},"end":{"line":7,"column":53}}],"line":7},"2":{"loc":{"start":{"line":10,"column":12},"end":{"line":10,"column":42}},"type":"binary-expr","locations":[{"start":{"line":10,"column":12},"end":{"line":10,"column":27}},{"start":{"line":10,"column":31},"end":{"line":10,"column":42}}],"line":10},"3":{"loc":{"start":{"line":11,"column":15},"end":{"line":11,"column":40}},"type":"binary-expr","locations":[{"start":{"line":11,"column":15},"end":{"line":11,"column":30}},{"start":{"line":11,"column":34},"end":{"line":11,"column":40}}],"line":11},"4":{"loc":{"start":{"line":37,"column":4},"end":{"line":47,"column":5}},"type":"if","locations":[{"start":{"line":37,"column":4},"end":{"line":47,"column":5}},{"start":{"line":37,"column":4},"end":{"line":47,"column":5}}],"line":37},"5":{"loc":{"start":{"line":51,"column":2},"end":{"line":58,"column":3}},"type":"if","locations":[{"start":{"line":51,"column":2},"end":{"line":58,"column":3}},{"start":{"line":51,"column":2},"end":{"line":58,"column":3}}],"line":51},"6":{"loc":{"start":{"line":51,"column":6},"end":{"line":51,"column":52}},"type":"binary-expr","locations":[{"start":{"line":51,"column":6},"end":{"line":51,"column":19}},{"start":{"line":51,"column":23},"end":{"line":51,"column":52}}],"line":51},"7":{"loc":{"start":{"line":65,"column":2},"end":{"line":86,"column":3}},"type":"if","locations":[{"start":{"line":65,"column":2},"end":{"line":86,"column":3}},{"start":{"line":65,"column":2},"end":{"line":86,"column":3}}],"line":65},"8":{"loc":{"start":{"line":65,"column":6},"end":{"line":65,"column":61}},"type":"binary-expr","locations":[{"start":{"line":65,"column":6},"end":{"line":65,"column":34}},{"start":{"line":65,"column":38},"end":{"line":65,"column":61}}],"line":65},"9":{"loc":{"start":{"line":69,"column":4},"end":{"line":77,"column":5}},"type":"if","locations":[{"start":{"line":69,"column":4},"end":{"line":77,"column":5}},{"start":{"line":69,"column":4},"end":{"line":77,"column":5}}],"line":69},"10":{"loc":{"start":{"line":71,"column":11},"end":{"line":77,"column":5}},"type":"if","locations":[{"start":{"line":71,"column":11},"end":{"line":77,"column":5}},{"start":{"line":71,"column":11},"end":{"line":77,"column":5}}],"line":71},"11":{"loc":{"start":{"line":71,"column":15},"end":{"line":71,"column":57}},"type":"binary-expr","locations":[{"start":{"line":71,"column":15},"end":{"line":71,"column":27}},{"start":{"line":71,"column":31},"end":{"line":71,"column":57}}],"line":71},"12":{"loc":{"start":{"line":73,"column":11},"end":{"line":77,"column":5}},"type":"if","locations":[{"start":{"line":73,"column":11},"end":{"line":77,"column":5}},{"start":{"line":73,"column":11},"end":{"line":77,"column":5}}],"line":73},"13":{"loc":{"start":{"line":95,"column":2},"end":{"line":128,"column":3}},"type":"if","locations":[{"start":{"line":95,"column":2},"end":{"line":128,"column":3}},{"start":{"line":95,"column":2},"end":{"line":128,"column":3}}],"line":95},"14":{"loc":{"start":{"line":95,"column":6},"end":{"line":95,"column":56}},"type":"binary-expr","locations":[{"start":{"line":95,"column":6},"end":{"line":95,"column":31}},{"start":{"line":95,"column":35},"end":{"line":95,"column":56}}],"line":95},"15":{"loc":{"start":{"line":100,"column":8},"end":{"line":119,"column":9}},"type":"if","locations":[{"start":{"line":100,"column":8},"end":{"line":119,"column":9}},{"start":{"line":100,"column":8},"end":{"line":119,"column":9}}],"line":100},"16":{"loc":{"start":{"line":106,"column":15},"end":{"line":119,"column":9}},"type":"if","locations":[{"start":{"line":106,"column":15},"end":{"line":119,"column":9}},{"start":{"line":106,"column":15},"end":{"line":119,"column":9}}],"line":106},"17":{"loc":{"start":{"line":106,"column":19},"end":{"line":106,"column":89}},"type":"binary-expr","locations":[{"start":{"line":106,"column":19},"end":{"line":106,"column":33}},{"start":{"line":106,"column":37},"end":{"line":106,"column":89}}],"line":106},"18":{"loc":{"start":{"line":113,"column":15},"end":{"line":119,"column":9}},"type":"if","locations":[{"start":{"line":113,"column":15},"end":{"line":119,"column":9}},{"start":{"line":113,"column":15},"end":{"line":119,"column":9}}],"line":113},"19":{"loc":{"start":{"line":113,"column":19},"end":{"line":113,"column":70}},"type":"binary-expr","locations":[{"start":{"line":113,"column":19},"end":{"line":113,"column":33}},{"start":{"line":113,"column":37},"end":{"line":113,"column":70}}],"line":113},"20":{"loc":{"start":{"line":131,"column":2},"end":{"line":139,"column":3}},"type":"if","locations":[{"start":{"line":131,"column":2},"end":{"line":139,"column":3}},{"start":{"line":131,"column":2},"end":{"line":139,"column":3}}],"line":131},"21":{"loc":{"start":{"line":131,"column":6},"end":{"line":131,"column":54}},"type":"binary-expr","locations":[{"start":{"line":131,"column":6},"end":{"line":131,"column":28}},{"start":{"line":131,"column":32},"end":{"line":131,"column":54}}],"line":131},"22":{"loc":{"start":{"line":146,"column":2},"end":{"line":174,"column":3}},"type":"if","locations":[{"start":{"line":146,"column":2},"end":{"line":174,"column":3}},{"start":{"line":146,"column":2},"end":{"line":174,"column":3}}],"line":146},"23":{"loc":{"start":{"line":146,"column":6},"end":{"line":146,"column":59}},"type":"binary-expr","locations":[{"start":{"line":146,"column":6},"end":{"line":146,"column":34}},{"start":{"line":146,"column":38},"end":{"line":146,"column":59}}],"line":146},"24":{"loc":{"start":{"line":153,"column":8},"end":{"line":168,"column":9}},"type":"if","locations":[{"start":{"line":153,"column":8},"end":{"line":168,"column":9}},{"start":{"line":153,"column":8},"end":{"line":168,"column":9}}],"line":153},"25":{"loc":{"start":{"line":153,"column":12},"end":{"line":153,"column":84}},"type":"binary-expr","locations":[{"start":{"line":153,"column":12},"end":{"line":153,"column":28}},{"start":{"line":153,"column":32},"end":{"line":153,"column":84}}],"line":153},"26":{"loc":{"start":{"line":160,"column":15},"end":{"line":168,"column":9}},"type":"if","locations":[{"start":{"line":160,"column":15},"end":{"line":168,"column":9}},{"start":{"line":160,"column":15},"end":{"line":168,"column":9}}],"line":160},"27":{"loc":{"start":{"line":180,"column":2},"end":{"line":208,"column":3}},"type":"if","locations":[{"start":{"line":180,"column":2},"end":{"line":208,"column":3}},{"start":{"line":180,"column":2},"end":{"line":208,"column":3}}],"line":180},"28":{"loc":{"start":{"line":180,"column":6},"end":{"line":180,"column":62}},"type":"binary-expr","locations":[{"start":{"line":180,"column":6},"end":{"line":180,"column":38}},{"start":{"line":180,"column":42},"end":{"line":180,"column":62}}],"line":180},"29":{"loc":{"start":{"line":187,"column":8},"end":{"line":202,"column":9}},"type":"if","locations":[{"start":{"line":187,"column":8},"end":{"line":202,"column":9}},{"start":{"line":187,"column":8},"end":{"line":202,"column":9}}],"line":187},"30":{"loc":{"start":{"line":187,"column":12},"end":{"line":187,"column":82}},"type":"binary-expr","locations":[{"start":{"line":187,"column":12},"end":{"line":187,"column":28}},{"start":{"line":187,"column":32},"end":{"line":187,"column":82}}],"line":187},"31":{"loc":{"start":{"line":194,"column":15},"end":{"line":202,"column":9}},"type":"if","locations":[{"start":{"line":194,"column":15},"end":{"line":202,"column":9}},{"start":{"line":194,"column":15},"end":{"line":202,"column":9}}],"line":194},"32":{"loc":{"start":{"line":214,"column":2},"end":{"line":253,"column":3}},"type":"if","locations":[{"start":{"line":214,"column":2},"end":{"line":253,"column":3}},{"start":{"line":214,"column":2},"end":{"line":253,"column":3}}],"line":214},"33":{"loc":{"start":{"line":214,"column":6},"end":{"line":214,"column":106}},"type":"binary-expr","locations":[{"start":{"line":214,"column":7},"end":{"line":214,"column":42}},{"start":{"line":214,"column":46},"end":{"line":214,"column":80}},{"start":{"line":214,"column":85},"end":{"line":214,"column":106}}],"line":214},"34":{"loc":{"start":{"line":221,"column":8},"end":{"line":247,"column":9}},"type":"if","locations":[{"start":{"line":221,"column":8},"end":{"line":247,"column":9}},{"start":{"line":221,"column":8},"end":{"line":247,"column":9}}],"line":221},"35":{"loc":{"start":{"line":222,"column":10},"end":{"line":229,"column":11}},"type":"if","locations":[{"start":{"line":222,"column":10},"end":{"line":229,"column":11}},{"start":{"line":222,"column":10},"end":{"line":229,"column":11}}],"line":222},"36":{"loc":{"start":{"line":222,"column":14},"end":{"line":222,"column":79}},"type":"binary-expr","locations":[{"start":{"line":222,"column":14},"end":{"line":222,"column":30}},{"start":{"line":222,"column":34},"end":{"line":222,"column":79}}],"line":222},"37":{"loc":{"start":{"line":230,"column":15},"end":{"line":247,"column":9}},"type":"if","locations":[{"start":{"line":230,"column":15},"end":{"line":247,"column":9}},{"start":{"line":230,"column":15},"end":{"line":247,"column":9}}],"line":230},"38":{"loc":{"start":{"line":231,"column":10},"end":{"line":246,"column":11}},"type":"if","locations":[{"start":{"line":231,"column":10},"end":{"line":246,"column":11}},{"start":{"line":231,"column":10},"end":{"line":246,"column":11}}],"line":231},"39":{"loc":{"start":{"line":231,"column":14},"end":{"line":231,"column":90}},"type":"binary-expr","locations":[{"start":{"line":231,"column":14},"end":{"line":231,"column":30}},{"start":{"line":231,"column":34},"end":{"line":231,"column":90}}],"line":231},"40":{"loc":{"start":{"line":238,"column":17},"end":{"line":246,"column":11}},"type":"if","locations":[{"start":{"line":238,"column":17},"end":{"line":246,"column":11}},{"start":{"line":238,"column":17},"end":{"line":246,"column":11}}],"line":238},"41":{"loc":{"start":{"line":259,"column":2},"end":{"line":279,"column":3}},"type":"if","locations":[{"start":{"line":259,"column":2},"end":{"line":279,"column":3}},{"start":{"line":259,"column":2},"end":{"line":279,"column":3}}],"line":259},"42":{"loc":{"start":{"line":259,"column":6},"end":{"line":259,"column":72}},"type":"binary-expr","locations":[{"start":{"line":259,"column":6},"end":{"line":259,"column":47}},{"start":{"line":259,"column":51},"end":{"line":259,"column":72}}],"line":259},"43":{"loc":{"start":{"line":266,"column":8},"end":{"line":273,"column":9}},"type":"if","locations":[{"start":{"line":266,"column":8},"end":{"line":273,"column":9}},{"start":{"line":266,"column":8},"end":{"line":273,"column":9}}],"line":266},"44":{"loc":{"start":{"line":266,"column":12},"end":{"line":266,"column":77}},"type":"binary-expr","locations":[{"start":{"line":266,"column":12},"end":{"line":266,"column":28}},{"start":{"line":266,"column":32},"end":{"line":266,"column":77}}],"line":266}},"s":{"0":1,"1":1,"2":2,"3":1,"4":2,"5":2,"6":2,"7":2,"8":2,"9":2,"10":2,"11":14,"12":0,"13":0,"14":2,"15":0,"16":2,"17":1,"18":0,"19":0,"20":0,"21":0,"22":0,"23":0,"24":0,"25":0,"26":0,"27":0,"28":0,"29":0,"30":1,"31":0,"32":0,"33":0,"34":0,"35":0,"36":0,"37":0,"38":0,"39":0,"40":0,"41":0,"42":0,"43":0,"44":0,"45":0,"46":0,"47":0,"48":1,"49":0,"50":0,"51":0,"52":0,"53":0,"54":0,"55":0,"56":0,"57":0,"58":0,"59":0,"60":0,"61":1,"62":0,"63":0,"64":0,"65":0,"66":0,"67":0,"68":0,"69":0,"70":0,"71":0,"72":0,"73":0,"74":1,"75":0,"76":0,"77":0,"78":0,"79":0,"80":0,"81":0,"82":0,"83":0,"84":0,"85":0,"86":0,"87":0,"88":0,"89":0,"90":0,"91":1,"92":0,"93":0,"94":0,"95":0,"96":0,"97":0,"98":0,"99":0,"100":0,"101":0,"102":1},"f":{"0":2,"1":2,"2":0,"3":0,"4":0,"5":0,"6":0,"7":0,"8":0,"9":0,"10":0,"11":0,"12":0},"b":{"0":[2,0,0,0],"1":[2,2],"2":[2,2],"3":[2,2],"4":[0,14],"5":[0,2],"6":[2,0],"7":[0,0],"8":[0,0],"9":[0,0],"10":[0,0],"11":[0,0],"12":[0,0],"13":[0,0],"14":[0,0],"15":[0,0],"16":[0,0],"17":[0,0],"18":[0,0],"19":[0,0],"20":[0,0],"21":[0,0],"22":[0,0],"23":[0,0],"24":[0,0],"25":[0,0],"26":[0,0],"27":[0,0],"28":[0,0],"29":[0,0],"30":[0,0],"31":[0,0],"32":[0,0],"33":[0,0,0],"34":[0,0],"35":[0,0],"36":[0,0],"37":[0,0],"38":[0,0],"39":[0,0],"40":[0,0],"41":[0,0],"42":[0,0],"43":[0,0],"44":[0,0]},"_coverageSchema":"1a1c01bbd47fc00a2c39e90264f33305004495a9","hash":"458f5faf0fe1f74d91a4279a783750ab4d6ee39f","contentHash":"b37a3831d8b52d1d3eb957a34f2752c69733aec3b302c0751a60ddcaefea6fdf"},"/root/TrueGate/backend/utils/logger.js":{"path":"/root/TrueGate/backend/utils/logger.js","statementMap":{"0":{"start":{"line":1,"column":11},"end":{"line":1,"column":24}},"1":{"start":{"line":2,"column":13},"end":{"line":2,"column":28}},"2":{"start":{"line":5,"column":19},"end":{"line":11,"column":1}},"3":{"start":{"line":14,"column":24},"end":{"line":54,"column":1}},"4":{"start":{"line":58,"column":4},"end":{"line":58,"column":50}},"5":{"start":{"line":59,"column":4},"end":{"line":59,"column":30}},"6":{"start":{"line":63,"column":4},"end":{"line":65,"column":5}},"7":{"start":{"line":64,"column":6},"end":{"line":64,"column":53}},"8":{"start":{"line":69,"column":17},"end":{"line":69,"column":55}},"9":{"start":{"line":70,"column":4},"end":{"line":70,"column":72}},"10":{"start":{"line":74,"column":22},"end":{"line":74,"column":46}},"11":{"start":{"line":75,"column":21},"end":{"line":86,"column":5}},"12":{"start":{"line":88,"column":4},"end":{"line":88,"column":43}},"13":{"start":{"line":92,"column":4},"end":{"line":104,"column":5}},"14":{"start":{"line":93,"column":23},"end":{"line":93,"column":65}},"15":{"start":{"line":94,"column":22},"end":{"line":94,"column":48}},"16":{"start":{"line":96,"column":6},"end":{"line":96,"column":43}},"17":{"start":{"line":99,"column":6},"end":{"line":101,"column":7}},"18":{"start":{"line":100,"column":8},"end":{"line":100,"column":53}},"19":{"start":{"line":103,"column":6},"end":{"line":103,"column":46}},"20":{"start":{"line":109,"column":4},"end":{"line":109,"column":55}},"21":{"start":{"line":114,"column":4},"end":{"line":119,"column":7}},"22":{"start":{"line":123,"column":4},"end":{"line":129,"column":7}},"23":{"start":{"line":133,"column":4},"end":{"line":138,"column":7}},"24":{"start":{"line":143,"column":4},"end":{"line":150,"column":7}},"25":{"start":{"line":155,"column":4},"end":{"line":161,"column":7}},"26":{"start":{"line":166,"column":4},"end":{"line":173,"column":7}},"27":{"start":{"line":178,"column":4},"end":{"line":186,"column":7}},"28":{"start":{"line":191,"column":4},"end":{"line":198,"column":5}},"29":{"start":{"line":193,"column":6},"end":{"line":197,"column":27}},"30":{"start":{"line":199,"column":4},"end":{"line":199,"column":17}},"31":{"start":{"line":204,"column":4},"end":{"line":204,"column":52}},"32":{"start":{"line":209,"column":4},"end":{"line":209,"column":51}},"33":{"start":{"line":213,"column":4},"end":{"line":213,"column":51}},"34":{"start":{"line":217,"column":4},"end":{"line":217,"column":52}},"35":{"start":{"line":222,"column":4},"end":{"line":246,"column":5}},"36":{"start":{"line":223,"column":21},"end":{"line":223,"column":23}},"37":{"start":{"line":224,"column":19},"end":{"line":224,"column":29}},"38":{"start":{"line":225,"column":6},"end":{"line":225,"column":45}},"39":{"start":{"line":227,"column":22},"end":{"line":227,"column":62}},"40":{"start":{"line":228,"column":6},"end":{"line":240,"column":7}},"41":{"start":{"line":229,"column":24},"end":{"line":229,"column":56}},"42":{"start":{"line":230,"column":22},"end":{"line":230,"column":48}},"43":{"start":{"line":232,"column":8},"end":{"line":239,"column":9}},"44":{"start":{"line":233,"column":10},"end":{"line":238,"column":11}},"45":{"start":{"line":234,"column":26},"end":{"line":234,"column":42}},"46":{"start":{"line":235,"column":12},"end":{"line":237,"column":13}},"47":{"start":{"line":236,"column":14},"end":{"line":236,"column":33}},"48":{"start":{"line":242,"column":6},"end":{"line":242,"column":20}},"49":{"start":{"line":244,"column":6},"end":{"line":244,"column":61}},"50":{"start":{"line":245,"column":6},"end":{"line":245,"column":16}},"51":{"start":{"line":251,"column":19},"end":{"line":251,"column":54}},"52":{"start":{"line":252,"column":18},"end":{"line":260,"column":5}},"53":{"start":{"line":262,"column":4},"end":{"line":271,"column":7}},"54":{"start":{"line":263,"column":24},"end":{"line":263,"column":60}},"55":{"start":{"line":264,"column":6},"end":{"line":266,"column":58}},"56":{"start":{"line":264,"column":32},"end":{"line":264,"column":55}},"57":{"start":{"line":265,"column":11},"end":{"line":266,"column":58}},"58":{"start":{"line":265,"column":39},"end":{"line":265,"column":64}},"59":{"start":{"line":266,"column":11},"end":{"line":266,"column":58}},"60":{"start":{"line":266,"column":36},"end":{"line":266,"column":58}},"61":{"start":{"line":268,"column":6},"end":{"line":268,"column":79}},"62":{"start":{"line":269,"column":6},"end":{"line":269,"column":81}},"63":{"start":{"line":270,"column":6},"end":{"line":270,"column":109}},"64":{"start":{"line":273,"column":4},"end":{"line":273,"column":17}},"65":{"start":{"line":278,"column":23},"end":{"line":278,"column":43}},"66":{"start":{"line":280,"column":0},"end":{"line":284,"column":2}}},"fnMap":{"0":{"name":"(anonymous_0)","decl":{"start":{"line":57,"column":2},"end":{"line":57,"column":3}},"loc":{"start":{"line":57,"column":16},"end":{"line":60,"column":3}},"line":57},"1":{"name":"(anonymous_1)","decl":{"start":{"line":62,"column":2},"end":{"line":62,"column":3}},"loc":{"start":{"line":62,"column":23},"end":{"line":66,"column":3}},"line":62},"2":{"name":"(anonymous_2)","decl":{"start":{"line":68,"column":2},"end":{"line":68,"column":3}},"loc":{"start":{"line":68,"column":24},"end":{"line":71,"column":3}},"line":68},"3":{"name":"(anonymous_3)","decl":{"start":{"line":73,"column":2},"end":{"line":73,"column":3}},"loc":{"start":{"line":73,"column":40},"end":{"line":89,"column":3}},"line":73},"4":{"name":"(anonymous_4)","decl":{"start":{"line":91,"column":2},"end":{"line":91,"column":3}},"loc":{"start":{"line":91,"column":34},"end":{"line":105,"column":3}},"line":91},"5":{"name":"(anonymous_5)","decl":{"start":{"line":108,"column":2},"end":{"line":108,"column":3}},"loc":{"start":{"line":108,"column":35},"end":{"line":110,"column":3}},"line":108},"6":{"name":"(anonymous_6)","decl":{"start":{"line":113,"column":2},"end":{"line":113,"column":3}},"loc":{"start":{"line":113,"column":40},"end":{"line":120,"column":3}},"line":113},"7":{"name":"(anonymous_7)","decl":{"start":{"line":122,"column":2},"end":{"line":122,"column":3}},"loc":{"start":{"line":122,"column":47},"end":{"line":130,"column":3}},"line":122},"8":{"name":"(anonymous_8)","decl":{"start":{"line":132,"column":2},"end":{"line":132,"column":3}},"loc":{"start":{"line":132,"column":39},"end":{"line":139,"column":3}},"line":132},"9":{"name":"(anonymous_9)","decl":{"start":{"line":142,"column":2},"end":{"line":142,"column":3}},"loc":{"start":{"line":142,"column":61},"end":{"line":151,"column":3}},"line":142},"10":{"name":"(anonymous_10)","decl":{"start":{"line":154,"column":2},"end":{"line":154,"column":3}},"loc":{"start":{"line":154,"column":52},"end":{"line":162,"column":3}},"line":154},"11":{"name":"(anonymous_11)","decl":{"start":{"line":165,"column":2},"end":{"line":165,"column":3}},"loc":{"start":{"line":165,"column":61},"end":{"line":174,"column":3}},"line":165},"12":{"name":"(anonymous_12)","decl":{"start":{"line":177,"column":2},"end":{"line":177,"column":3}},"loc":{"start":{"line":177,"column":64},"end":{"line":187,"column":3}},"line":177},"13":{"name":"(anonymous_13)","decl":{"start":{"line":190,"column":2},"end":{"line":190,"column":3}},"loc":{"start":{"line":190,"column":23},"end":{"line":200,"column":3}},"line":190},"14":{"name":"(anonymous_14)","decl":{"start":{"line":203,"column":2},"end":{"line":203,"column":3}},"loc":{"start":{"line":203,"column":32},"end":{"line":205,"column":3}},"line":203},"15":{"name":"(anonymous_15)","decl":{"start":{"line":208,"column":2},"end":{"line":208,"column":3}},"loc":{"start":{"line":208,"column":26},"end":{"line":210,"column":3}},"line":208},"16":{"name":"(anonymous_16)","decl":{"start":{"line":212,"column":2},"end":{"line":212,"column":3}},"loc":{"start":{"line":212,"column":26},"end":{"line":214,"column":3}},"line":212},"17":{"name":"(anonymous_17)","decl":{"start":{"line":216,"column":2},"end":{"line":216,"column":3}},"loc":{"start":{"line":216,"column":27},"end":{"line":218,"column":3}},"line":216},"18":{"name":"(anonymous_18)","decl":{"start":{"line":221,"column":2},"end":{"line":221,"column":3}},"loc":{"start":{"line":221,"column":38},"end":{"line":247,"column":3}},"line":221},"19":{"name":"(anonymous_19)","decl":{"start":{"line":250,"column":2},"end":{"line":250,"column":3}},"loc":{"start":{"line":250,"column":31},"end":{"line":274,"column":3}},"line":250},"20":{"name":"(anonymous_20)","decl":{"start":{"line":262,"column":19},"end":{"line":262,"column":20}},"loc":{"start":{"line":262,"column":28},"end":{"line":271,"column":5}},"line":262}},"branchMap":{"0":{"loc":{"start":{"line":63,"column":4},"end":{"line":65,"column":5}},"type":"if","locations":[{"start":{"line":63,"column":4},"end":{"line":65,"column":5}},{"start":{"line":63,"column":4},"end":{"line":65,"column":5}}],"line":63},"1":{"loc":{"start":{"line":81,"column":19},"end":{"line":81,"column":49}},"type":"binary-expr","locations":[{"start":{"line":81,"column":19},"end":{"line":81,"column":36}},{"start":{"line":81,"column":40},"end":{"line":81,"column":49}}],"line":81},"2":{"loc":{"start":{"line":82,"column":12},"end":{"line":82,"column":35}},"type":"binary-expr","locations":[{"start":{"line":82,"column":12},"end":{"line":82,"column":22}},{"start":{"line":82,"column":26},"end":{"line":82,"column":35}}],"line":82},"3":{"loc":{"start":{"line":83,"column":16},"end":{"line":83,"column":45}},"type":"binary-expr","locations":[{"start":{"line":83,"column":16},"end":{"line":83,"column":30}},{"start":{"line":83,"column":34},"end":{"line":83,"column":45}}],"line":83},"4":{"loc":{"start":{"line":84,"column":19},"end":{"line":84,"column":46}},"type":"binary-expr","locations":[{"start":{"line":84,"column":19},"end":{"line":84,"column":36}},{"start":{"line":84,"column":40},"end":{"line":84,"column":46}}],"line":84},"5":{"loc":{"start":{"line":99,"column":6},"end":{"line":101,"column":7}},"type":"if","locations":[{"start":{"line":99,"column":6},"end":{"line":101,"column":7}},{"start":{"line":99,"column":6},"end":{"line":101,"column":7}}],"line":99},"6":{"loc":{"start":{"line":191,"column":4},"end":{"line":198,"column":5}},"type":"if","locations":[{"start":{"line":191,"column":4},"end":{"line":198,"column":5}},{"start":{"line":191,"column":4},"end":{"line":198,"column":5}}],"line":191},"7":{"loc":{"start":{"line":221,"column":26},"end":{"line":221,"column":36}},"type":"default-arg","locations":[{"start":{"line":221,"column":34},"end":{"line":221,"column":36}}],"line":221},"8":{"loc":{"start":{"line":228,"column":6},"end":{"line":240,"column":7}},"type":"if","locations":[{"start":{"line":228,"column":6},"end":{"line":240,"column":7}},{"start":{"line":228,"column":6},"end":{"line":240,"column":7}}],"line":228},"9":{"loc":{"start":{"line":233,"column":10},"end":{"line":238,"column":11}},"type":"if","locations":[{"start":{"line":233,"column":10},"end":{"line":238,"column":11}},{"start":{"line":233,"column":10},"end":{"line":238,"column":11}}],"line":233},"10":{"loc":{"start":{"line":235,"column":12},"end":{"line":237,"column":13}},"type":"if","locations":[{"start":{"line":235,"column":12},"end":{"line":237,"column":13}},{"start":{"line":235,"column":12},"end":{"line":237,"column":13}}],"line":235},"11":{"loc":{"start":{"line":250,"column":19},"end":{"line":250,"column":29}},"type":"default-arg","locations":[{"start":{"line":250,"column":27},"end":{"line":250,"column":29}}],"line":250},"12":{"loc":{"start":{"line":263,"column":24},"end":{"line":263,"column":60}},"type":"binary-expr","locations":[{"start":{"line":263,"column":24},"end":{"line":263,"column":47}},{"start":{"line":263,"column":51},"end":{"line":263,"column":60}}],"line":263},"13":{"loc":{"start":{"line":264,"column":6},"end":{"line":266,"column":58}},"type":"if","locations":[{"start":{"line":264,"column":6},"end":{"line":266,"column":58}},{"start":{"line":264,"column":6},"end":{"line":266,"column":58}}],"line":264},"14":{"loc":{"start":{"line":265,"column":11},"end":{"line":266,"column":58}},"type":"if","locations":[{"start":{"line":265,"column":11},"end":{"line":266,"column":58}},{"start":{"line":265,"column":11},"end":{"line":266,"column":58}}],"line":265},"15":{"loc":{"start":{"line":266,"column":11},"end":{"line":266,"column":58}},"type":"if","locations":[{"start":{"line":266,"column":11},"end":{"line":266,"column":58}},{"start":{"line":266,"column":11},"end":{"line":266,"column":58}}],"line":266},"16":{"loc":{"start":{"line":268,"column":39},"end":{"line":268,"column":73}},"type":"binary-expr","locations":[{"start":{"line":268,"column":39},"end":{"line":268,"column":68}},{"start":{"line":268,"column":72},"end":{"line":268,"column":73}}],"line":268},"17":{"loc":{"start":{"line":269,"column":40},"end":{"line":269,"column":75}},"type":"binary-expr","locations":[{"start":{"line":269,"column":40},"end":{"line":269,"column":70}},{"start":{"line":269,"column":74},"end":{"line":269,"column":75}}],"line":269},"18":{"loc":{"start":{"line":270,"column":54},"end":{"line":270,"column":103}},"type":"binary-expr","locations":[{"start":{"line":270,"column":54},"end":{"line":270,"column":98}},{"start":{"line":270,"column":102},"end":{"line":270,"column":103}}],"line":270}},"s":{"0":1,"1":1,"2":1,"3":1,"4":1,"5":1,"6":1,"7":0,"8":0,"9":0,"10":0,"11":0,"12":0,"13":0,"14":0,"15":0,"16":0,"17":0,"18":0,"19":0,"20":0,"21":0,"22":0,"23":0,"24":0,"25":0,"26":0,"27":0,"28":0,"29":0,"30":0,"31":0,"32":0,"33":0,"34":0,"35":0,"36":0,"37":0,"38":0,"39":0,"40":0,"41":0,"42":0,"43":0,"44":0,"45":0,"46":0,"47":0,"48":0,"49":0,"50":0,"51":0,"52":0,"53":0,"54":0,"55":0,"56":0,"57":0,"58":0,"59":0,"60":0,"61":0,"62":0,"63":0,"64":0,"65":1,"66":1},"f":{"0":1,"1":1,"2":0,"3":0,"4":0,"5":0,"6":0,"7":0,"8":0,"9":0,"10":0,"11":0,"12":0,"13":0,"14":0,"15":0,"16":0,"17":0,"18":0,"19":0,"20":0},"b":{"0":[0,1],"1":[0,0],"2":[0,0],"3":[0,0],"4":[0,0],"5":[0,0],"6":[0,0],"7":[0],"8":[0,0],"9":[0,0],"10":[0,0],"11":[0],"12":[0,0],"13":[0,0],"14":[0,0],"15":[0,0],"16":[0,0],"17":[0,0],"18":[0,0]},"_coverageSchema":"1a1c01bbd47fc00a2c39e90264f33305004495a9","hash":"b60c528b1a8130a5c7cd17d1b750408d5e1e112b","contentHash":"2df2fc1392666a3eb827677d0409e7400414ae7156ed96aa6f43436b0ab8a192"},"/root/TrueGate/backend/config/swagger.js":{"path":"/root/TrueGate/backend/config/swagger.js","statementMap":{"0":{"start":{"line":1,"column":21},"end":{"line":1,"column":45}},"1":{"start":{"line":3,"column":16},"end":{"line":242,"column":1}},"2":{"start":{"line":244,"column":14},"end":{"line":244,"column":35}},"3":{"start":{"line":246,"column":0},"end":{"line":246,"column":23}}},"fnMap":{},"branchMap":{},"s":{"0":1,"1":1,"2":1,"3":1},"f":{},"b":{},"_coverageSchema":"1a1c01bbd47fc00a2c39e90264f33305004495a9","hash":"a042701885f32446ff9082b79c18b9ea9c6856a5","contentHash":"a04045e5ff4625b8beec7dbf36fac7220e2a6bb9307a6f9b7c6b42a82be8615e"},"/root/TrueGate/backend/routes/auth.js":{"path":"/root/TrueGate/backend/routes/auth.js","statementMap":{"0":{"start":{"line":1,"column":16},"end":{"line":1,"column":34}},"1":{"start":{"line":2,"column":15},"end":{"line":2,"column":31}},"2":{"start":{"line":3,"column":18},"end":{"line":3,"column":47}},"3":{"start":{"line":4,"column":130},"end":{"line":4,"column":170}},"4":{"start":{"line":5,"column":24},"end":{"line":5,"column":63}},"5":{"start":{"line":46,"column":34},"end":{"line":57,"column":2}},"6":{"start":{"line":54,"column":22},"end":{"line":54,"column":52}},"7":{"start":{"line":55,"column":4},"end":{"line":55,"column":36}},"8":{"start":{"line":109,"column":0},"end":{"line":109,"column":35}},"9":{"start":{"line":183,"column":0},"end":{"line":183,"column":29}},"10":{"start":{"line":222,"column":0},"end":{"line":222,"column":48}},"11":{"start":{"line":261,"column":0},"end":{"line":261,"column":46}},"12":{"start":{"line":302,"column":0},"end":{"line":302,"column":41}},"13":{"start":{"line":305,"column":0},"end":{"line":305,"column":24}},"14":{"start":{"line":351,"column":0},"end":{"line":351,"column":83}},"15":{"start":{"line":388,"column":0},"end":{"line":388,"column":31}},"16":{"start":{"line":453,"column":0},"end":{"line":453,"column":40}},"17":{"start":{"line":505,"column":0},"end":{"line":505,"column":54}},"18":{"start":{"line":507,"column":0},"end":{"line":507,"column":24}}},"fnMap":{"0":{"name":"(anonymous_0)","decl":{"start":{"line":52,"column":16},"end":{"line":52,"column":17}},"loc":{"start":{"line":52,"column":25},"end":{"line":56,"column":3}},"line":52}},"branchMap":{"0":{"loc":{"start":{"line":54,"column":22},"end":{"line":54,"column":52}},"type":"binary-expr","locations":[{"start":{"line":54,"column":22},"end":{"line":54,"column":37}},{"start":{"line":54,"column":41},"end":{"line":54,"column":52}}],"line":54}},"s":{"0":1,"1":1,"2":1,"3":1,"4":1,"5":1,"6":0,"7":0,"8":1,"9":1,"10":1,"11":1,"12":1,"13":1,"14":1,"15":1,"16":1,"17":1,"18":1},"f":{"0":0},"b":{"0":[0,0]},"_coverageSchema":"1a1c01bbd47fc00a2c39e90264f33305004495a9","hash":"414f4c41426ec87f07b72f1cc5251310e30069fb","contentHash":"344fb08c36199c7d6ddda259d588d7dc0da6030029279c7957be9c0310501127"},"/root/TrueGate/backend/controllers/authController.js":{"path":"/root/TrueGate/backend/controllers/authController.js","statementMap":{"0":{"start":{"line":2,"column":15},"end":{"line":2,"column":32}},"1":{"start":{"line":3,"column":18},"end":{"line":3,"column":38}},"2":{"start":{"line":4,"column":15},"end":{"line":4,"column":32}},"3":{"start":{"line":5,"column":49},"end":{"line":5,"column":77}},"4":{"start":{"line":6,"column":58},"end":{"line":6,"column":84}},"5":{"start":{"line":7,"column":32},"end":{"line":7,"column":56}},"6":{"start":{"line":17,"column":4},"end":{"line":17,"column":38}},"7":{"start":{"line":22,"column":2},"end":{"line":31,"column":5}},"8":{"start":{"line":32,"column":17},"end":{"line":32,"column":38}},"9":{"start":{"line":33,"column":2},"end":{"line":42,"column":3}},"10":{"start":{"line":34,"column":4},"end":{"line":41,"column":7}},"11":{"start":{"line":36,"column":40},"end":{"line":40,"column":7}},"12":{"start":{"line":43,"column":91},"end":{"line":43,"column":99}},"13":{"start":{"line":44,"column":2},"end":{"line":46,"column":3}},"14":{"start":{"line":45,"column":4},"end":{"line":45,"column":66}},"15":{"start":{"line":47,"column":25},"end":{"line":47,"column":56}},"16":{"start":{"line":48,"column":25},"end":{"line":48,"column":63}},"17":{"start":{"line":49,"column":28},"end":{"line":49,"column":66}},"18":{"start":{"line":50,"column":35},"end":{"line":50,"column":67}},"19":{"start":{"line":51,"column":18},"end":{"line":67,"column":3}},"20":{"start":{"line":68,"column":2},"end":{"line":68,"column":25}},"21":{"start":{"line":70,"column":18},"end":{"line":70,"column":70}},"22":{"start":{"line":71,"column":26},"end":{"line":71,"column":117}},"23":{"start":{"line":72,"column":2},"end":{"line":74,"column":16}},"24":{"start":{"line":73,"column":4},"end":{"line":73,"column":56}},"25":{"start":{"line":75,"column":2},"end":{"line":75,"column":124}},"26":{"start":{"line":80,"column":27},"end":{"line":80,"column":36}},"27":{"start":{"line":81,"column":2},"end":{"line":83,"column":3}},"28":{"start":{"line":82,"column":4},"end":{"line":82,"column":72}},"29":{"start":{"line":84,"column":15},"end":{"line":84,"column":43}},"30":{"start":{"line":85,"column":2},"end":{"line":87,"column":3}},"31":{"start":{"line":86,"column":4},"end":{"line":86,"column":74}},"32":{"start":{"line":88,"column":2},"end":{"line":94,"column":3}},"33":{"start":{"line":93,"column":4},"end":{"line":93,"column":83}},"34":{"start":{"line":95,"column":2},"end":{"line":99,"column":5}},"35":{"start":{"line":100,"column":2},"end":{"line":100,"column":95}},"36":{"start":{"line":107,"column":2},"end":{"line":110,"column":5}},"37":{"start":{"line":111,"column":17},"end":{"line":111,"column":38}},"38":{"start":{"line":112,"column":2},"end":{"line":121,"column":3}},"39":{"start":{"line":113,"column":4},"end":{"line":120,"column":7}},"40":{"start":{"line":115,"column":40},"end":{"line":119,"column":7}},"41":{"start":{"line":122,"column":30},"end":{"line":122,"column":38}},"42":{"start":{"line":123,"column":18},"end":{"line":123,"column":56}},"43":{"start":{"line":124,"column":15},"end":{"line":124,"column":43}},"44":{"start":{"line":125,"column":2},"end":{"line":128,"column":3}},"45":{"start":{"line":126,"column":4},"end":{"line":126,"column":84}},"46":{"start":{"line":127,"column":4},"end":{"line":127,"column":72}},"47":{"start":{"line":129,"column":2},"end":{"line":132,"column":3}},"48":{"start":{"line":130,"column":4},"end":{"line":130,"column":67}},"49":{"start":{"line":131,"column":4},"end":{"line":131,"column":103}},"50":{"start":{"line":133,"column":24},"end":{"line":133,"column":75}},"51":{"start":{"line":134,"column":2},"end":{"line":148,"column":3}},"52":{"start":{"line":135,"column":21},"end":{"line":135,"column":50}},"53":{"start":{"line":136,"column":18},"end":{"line":136,"column":45}},"54":{"start":{"line":137,"column":17},"end":{"line":137,"column":22}},"55":{"start":{"line":138,"column":4},"end":{"line":141,"column":5}},"56":{"start":{"line":139,"column":6},"end":{"line":139,"column":28}},"57":{"start":{"line":140,"column":6},"end":{"line":140,"column":20}},"58":{"start":{"line":142,"column":4},"end":{"line":142,"column":37}},"59":{"start":{"line":143,"column":4},"end":{"line":143,"column":101}},"60":{"start":{"line":144,"column":4},"end":{"line":146,"column":5}},"61":{"start":{"line":145,"column":6},"end":{"line":145,"column":105}},"62":{"start":{"line":147,"column":4},"end":{"line":147,"column":72}},"63":{"start":{"line":150,"column":20},"end":{"line":150,"column":44}},"64":{"start":{"line":152,"column":21},"end":{"line":152,"column":42}},"65":{"start":{"line":153,"column":2},"end":{"line":153,"column":62}},"66":{"start":{"line":153,"column":37},"end":{"line":153,"column":62}},"67":{"start":{"line":154,"column":2},"end":{"line":158,"column":5}},"68":{"start":{"line":159,"column":2},"end":{"line":159,"column":57}},"69":{"start":{"line":160,"column":16},"end":{"line":164,"column":4}},"70":{"start":{"line":165,"column":2},"end":{"line":165,"column":83}},"71":{"start":{"line":167,"column":19},"end":{"line":177,"column":3}},"72":{"start":{"line":178,"column":2},"end":{"line":178,"column":86}},"73":{"start":{"line":184,"column":2},"end":{"line":186,"column":3}},"74":{"start":{"line":185,"column":4},"end":{"line":185,"column":70}},"75":{"start":{"line":187,"column":2},"end":{"line":189,"column":3}},"76":{"start":{"line":188,"column":4},"end":{"line":188,"column":71}},"77":{"start":{"line":190,"column":16},"end":{"line":190,"column":35}},"78":{"start":{"line":191,"column":2},"end":{"line":191,"column":37}},"79":{"start":{"line":196,"column":2},"end":{"line":242,"column":3}},"80":{"start":{"line":197,"column":4},"end":{"line":199,"column":5}},"81":{"start":{"line":198,"column":6},"end":{"line":198,"column":72}},"82":{"start":{"line":200,"column":22},"end":{"line":200,"column":32}},"83":{"start":{"line":201,"column":4},"end":{"line":203,"column":5}},"84":{"start":{"line":202,"column":6},"end":{"line":202,"column":85}},"85":{"start":{"line":205,"column":4},"end":{"line":211,"column":7}},"86":{"start":{"line":212,"column":19},"end":{"line":212,"column":40}},"87":{"start":{"line":213,"column":4},"end":{"line":222,"column":5}},"88":{"start":{"line":214,"column":6},"end":{"line":221,"column":9}},"89":{"start":{"line":216,"column":42},"end":{"line":220,"column":9}},"90":{"start":{"line":224,"column":17},"end":{"line":224,"column":45}},"91":{"start":{"line":225,"column":4},"end":{"line":225,"column":51}},"92":{"start":{"line":226,"column":70},"end":{"line":226,"column":78}},"93":{"start":{"line":227,"column":20},"end":{"line":227,"column":22}},"94":{"start":{"line":228,"column":4},"end":{"line":228,"column":49}},"95":{"start":{"line":228,"column":19},"end":{"line":228,"column":49}},"96":{"start":{"line":229,"column":4},"end":{"line":229,"column":46}},"97":{"start":{"line":229,"column":18},"end":{"line":229,"column":46}},"98":{"start":{"line":230,"column":4},"end":{"line":230,"column":49}},"99":{"start":{"line":230,"column":19},"end":{"line":230,"column":49}},"100":{"start":{"line":231,"column":4},"end":{"line":231,"column":40}},"101":{"start":{"line":231,"column":16},"end":{"line":231,"column":40}},"102":{"start":{"line":232,"column":4},"end":{"line":232,"column":61}},"103":{"start":{"line":232,"column":23},"end":{"line":232,"column":61}},"104":{"start":{"line":233,"column":20},"end":{"line":233,"column":52}},"105":{"start":{"line":234,"column":4},"end":{"line":237,"column":5}},"106":{"start":{"line":235,"column":6},"end":{"line":235,"column":107}},"107":{"start":{"line":236,"column":6},"end":{"line":236,"column":63}},"108":{"start":{"line":238,"column":4},"end":{"line":238,"column":61}},"109":{"start":{"line":240,"column":4},"end":{"line":240,"column":122}},"110":{"start":{"line":241,"column":4},"end":{"line":241,"column":68}},"111":{"start":{"line":248,"column":2},"end":{"line":250,"column":3}},"112":{"start":{"line":249,"column":4},"end":{"line":249,"column":70}},"113":{"start":{"line":251,"column":2},"end":{"line":254,"column":5}},"114":{"start":{"line":255,"column":17},"end":{"line":255,"column":38}},"115":{"start":{"line":256,"column":2},"end":{"line":265,"column":3}},"116":{"start":{"line":257,"column":4},"end":{"line":264,"column":7}},"117":{"start":{"line":259,"column":40},"end":{"line":263,"column":7}},"118":{"start":{"line":266,"column":39},"end":{"line":266,"column":47}},"119":{"start":{"line":267,"column":16},"end":{"line":267,"column":30}},"120":{"start":{"line":269,"column":15},"end":{"line":269,"column":43}},"121":{"start":{"line":270,"column":2},"end":{"line":270,"column":70}},"122":{"start":{"line":270,"column":13},"end":{"line":270,"column":70}},"123":{"start":{"line":271,"column":16},"end":{"line":271,"column":70}},"124":{"start":{"line":272,"column":2},"end":{"line":272,"column":79}},"125":{"start":{"line":272,"column":14},"end":{"line":272,"column":79}},"126":{"start":{"line":273,"column":17},"end":{"line":273,"column":51}},"127":{"start":{"line":274,"column":2},"end":{"line":274,"column":42}},"128":{"start":{"line":275,"column":2},"end":{"line":275,"column":76}},"129":{"start":{"line":280,"column":2},"end":{"line":280,"column":58}},"130":{"start":{"line":281,"column":17},"end":{"line":281,"column":38}},"131":{"start":{"line":282,"column":2},"end":{"line":284,"column":3}},"132":{"start":{"line":283,"column":4},"end":{"line":283,"column":110}},"133":{"start":{"line":285,"column":20},"end":{"line":285,"column":28}},"134":{"start":{"line":286,"column":15},"end":{"line":286,"column":43}},"135":{"start":{"line":287,"column":2},"end":{"line":298,"column":3}},"136":{"start":{"line":288,"column":18},"end":{"line":288,"column":56}},"137":{"start":{"line":289,"column":20},"end":{"line":289,"column":47}},"138":{"start":{"line":290,"column":4},"end":{"line":290,"column":47}},"139":{"start":{"line":291,"column":20},"end":{"line":291,"column":72}},"140":{"start":{"line":292,"column":21},"end":{"line":292,"column":98}},"141":{"start":{"line":293,"column":4},"end":{"line":297,"column":5}},"142":{"start":{"line":294,"column":6},"end":{"line":294,"column":52}},"143":{"start":{"line":296,"column":6},"end":{"line":296,"column":75}},"144":{"start":{"line":299,"column":2},"end":{"line":299,"column":108}},"145":{"start":{"line":304,"column":2},"end":{"line":308,"column":5}},"146":{"start":{"line":309,"column":17},"end":{"line":309,"column":38}},"147":{"start":{"line":310,"column":2},"end":{"line":312,"column":3}},"148":{"start":{"line":311,"column":4},"end":{"line":311,"column":85}},"149":{"start":{"line":313,"column":40},"end":{"line":313,"column":48}},"150":{"start":{"line":314,"column":15},"end":{"line":314,"column":48}},"151":{"start":{"line":315,"column":2},"end":{"line":317,"column":3}},"152":{"start":{"line":316,"column":4},"end":{"line":316,"column":71}},"153":{"start":{"line":318,"column":17},"end":{"line":318,"column":51}},"154":{"start":{"line":319,"column":2},"end":{"line":319,"column":42}},"155":{"start":{"line":320,"column":2},"end":{"line":320,"column":31}},"156":{"start":{"line":321,"column":2},"end":{"line":321,"column":84}},"157":{"start":{"line":326,"column":21},"end":{"line":326,"column":49}},"158":{"start":{"line":327,"column":16},"end":{"line":327,"column":54}},"159":{"start":{"line":328,"column":2},"end":{"line":328,"column":74}},"160":{"start":{"line":328,"column":14},"end":{"line":328,"column":74}},"161":{"start":{"line":329,"column":2},"end":{"line":339,"column":3}},"162":{"start":{"line":330,"column":20},"end":{"line":330,"column":61}},"163":{"start":{"line":331,"column":17},"end":{"line":331,"column":53}},"164":{"start":{"line":332,"column":4},"end":{"line":334,"column":5}},"165":{"start":{"line":333,"column":6},"end":{"line":333,"column":64}},"166":{"start":{"line":335,"column":4},"end":{"line":335,"column":23}},"167":{"start":{"line":336,"column":4},"end":{"line":336,"column":11}},"168":{"start":{"line":338,"column":4},"end":{"line":338,"column":60}},"169":{"start":{"line":344,"column":2},"end":{"line":346,"column":3}},"170":{"start":{"line":345,"column":4},"end":{"line":345,"column":70}},"171":{"start":{"line":347,"column":16},"end":{"line":347,"column":30}},"172":{"start":{"line":348,"column":2},"end":{"line":381,"column":3}},"173":{"start":{"line":349,"column":4},"end":{"line":349,"column":71}},"174":{"start":{"line":350,"column":19},"end":{"line":350,"column":40}},"175":{"start":{"line":351,"column":4},"end":{"line":360,"column":5}},"176":{"start":{"line":352,"column":6},"end":{"line":359,"column":9}},"177":{"start":{"line":354,"column":42},"end":{"line":358,"column":9}},"178":{"start":{"line":361,"column":4},"end":{"line":363,"column":5}},"179":{"start":{"line":362,"column":6},"end":{"line":362,"column":127}},"180":{"start":{"line":364,"column":17},"end":{"line":364,"column":45}},"181":{"start":{"line":365,"column":4},"end":{"line":367,"column":5}},"182":{"start":{"line":366,"column":6},"end":{"line":366,"column":127}},"183":{"start":{"line":369,"column":30},"end":{"line":369,"column":68}},"184":{"start":{"line":370,"column":37},"end":{"line":370,"column":69}},"185":{"start":{"line":371,"column":4},"end":{"line":371,"column":77}},"186":{"start":{"line":373,"column":20},"end":{"line":373,"column":72}},"187":{"start":{"line":374,"column":28},"end":{"line":374,"column":119}},"188":{"start":{"line":375,"column":4},"end":{"line":377,"column":18}},"189":{"start":{"line":376,"column":6},"end":{"line":376,"column":58}},"190":{"start":{"line":378,"column":4},"end":{"line":378,"column":125}},"191":{"start":{"line":380,"column":4},"end":{"line":380,"column":68}},"192":{"start":{"line":384,"column":0},"end":{"line":384,"column":152}}},"fnMap":{"0":{"name":"register","decl":{"start":{"line":20,"column":15},"end":{"line":20,"column":23}},"loc":{"start":{"line":20,"column":34},"end":{"line":76,"column":1}},"line":20},"1":{"name":"(anonymous_1)","decl":{"start":{"line":36,"column":34},"end":{"line":36,"column":35}},"loc":{"start":{"line":36,"column":40},"end":{"line":40,"column":7}},"line":36},"2":{"name":"verifyEmail","decl":{"start":{"line":79,"column":15},"end":{"line":79,"column":26}},"loc":{"start":{"line":79,"column":37},"end":{"line":101,"column":1}},"line":79},"3":{"name":"login","decl":{"start":{"line":106,"column":15},"end":{"line":106,"column":20}},"loc":{"start":{"line":106,"column":31},"end":{"line":179,"column":1}},"line":106},"4":{"name":"(anonymous_4)","decl":{"start":{"line":115,"column":34},"end":{"line":115,"column":35}},"loc":{"start":{"line":115,"column":40},"end":{"line":119,"column":7}},"line":115},"5":{"name":"getUsers","decl":{"start":{"line":182,"column":15},"end":{"line":182,"column":23}},"loc":{"start":{"line":182,"column":34},"end":{"line":192,"column":1}},"line":182},"6":{"name":"modifyUser","decl":{"start":{"line":195,"column":15},"end":{"line":195,"column":25}},"loc":{"start":{"line":195,"column":36},"end":{"line":243,"column":1}},"line":195},"7":{"name":"(anonymous_7)","decl":{"start":{"line":216,"column":36},"end":{"line":216,"column":37}},"loc":{"start":{"line":216,"column":42},"end":{"line":220,"column":9}},"line":216},"8":{"name":"changePassword","decl":{"start":{"line":246,"column":15},"end":{"line":246,"column":29}},"loc":{"start":{"line":246,"column":40},"end":{"line":276,"column":1}},"line":246},"9":{"name":"(anonymous_9)","decl":{"start":{"line":259,"column":34},"end":{"line":259,"column":35}},"loc":{"start":{"line":259,"column":40},"end":{"line":263,"column":7}},"line":259},"10":{"name":"forgotPassword","decl":{"start":{"line":279,"column":15},"end":{"line":279,"column":29}},"loc":{"start":{"line":279,"column":40},"end":{"line":300,"column":1}},"line":279},"11":{"name":"resetPassword","decl":{"start":{"line":303,"column":15},"end":{"line":303,"column":28}},"loc":{"start":{"line":303,"column":39},"end":{"line":322,"column":1}},"line":303},"12":{"name":"verifyToken","decl":{"start":{"line":325,"column":15},"end":{"line":325,"column":26}},"loc":{"start":{"line":325,"column":43},"end":{"line":340,"column":1}},"line":325},"13":{"name":"resendVerification","decl":{"start":{"line":343,"column":15},"end":{"line":343,"column":33}},"loc":{"start":{"line":343,"column":44},"end":{"line":382,"column":1}},"line":343},"14":{"name":"(anonymous_14)","decl":{"start":{"line":354,"column":36},"end":{"line":354,"column":37}},"loc":{"start":{"line":354,"column":42},"end":{"line":358,"column":9}},"line":354}},"branchMap":{"0":{"loc":{"start":{"line":33,"column":2},"end":{"line":42,"column":3}},"type":"if","locations":[{"start":{"line":33,"column":2},"end":{"line":42,"column":3}},{"start":{"line":33,"column":2},"end":{"line":42,"column":3}}],"line":33},"1":{"loc":{"start":{"line":44,"column":2},"end":{"line":46,"column":3}},"type":"if","locations":[{"start":{"line":44,"column":2},"end":{"line":46,"column":3}},{"start":{"line":44,"column":2},"end":{"line":46,"column":3}}],"line":44},"2":{"loc":{"start":{"line":48,"column":25},"end":{"line":48,"column":63}},"type":"binary-expr","locations":[{"start":{"line":48,"column":25},"end":{"line":48,"column":31}},{"start":{"line":48,"column":35},"end":{"line":48,"column":63}}],"line":48},"3":{"loc":{"start":{"line":58,"column":10},"end":{"line":58,"column":24}},"type":"binary-expr","locations":[{"start":{"line":58,"column":10},"end":{"line":58,"column":14}},{"start":{"line":58,"column":18},"end":{"line":58,"column":24}}],"line":58},"4":{"loc":{"start":{"line":70,"column":18},"end":{"line":70,"column":70}},"type":"binary-expr","locations":[{"start":{"line":70,"column":18},"end":{"line":70,"column":38}},{"start":{"line":70,"column":42},"end":{"line":70,"column":70}}],"line":70},"5":{"loc":{"start":{"line":81,"column":2},"end":{"line":83,"column":3}},"type":"if","locations":[{"start":{"line":81,"column":2},"end":{"line":83,"column":3}},{"start":{"line":81,"column":2},"end":{"line":83,"column":3}}],"line":81},"6":{"loc":{"start":{"line":81,"column":6},"end":{"line":81,"column":22}},"type":"binary-expr","locations":[{"start":{"line":81,"column":6},"end":{"line":81,"column":12}},{"start":{"line":81,"column":16},"end":{"line":81,"column":22}}],"line":81},"7":{"loc":{"start":{"line":85,"column":2},"end":{"line":87,"column":3}},"type":"if","locations":[{"start":{"line":85,"column":2},"end":{"line":87,"column":3}},{"start":{"line":85,"column":2},"end":{"line":87,"column":3}}],"line":85},"8":{"loc":{"start":{"line":85,"column":6},"end":{"line":85,"column":28}},"type":"binary-expr","locations":[{"start":{"line":85,"column":6},"end":{"line":85,"column":11}},{"start":{"line":85,"column":15},"end":{"line":85,"column":28}}],"line":85},"9":{"loc":{"start":{"line":88,"column":2},"end":{"line":94,"column":3}},"type":"if","locations":[{"start":{"line":88,"column":2},"end":{"line":94,"column":3}},{"start":{"line":88,"column":2},"end":{"line":94,"column":3}}],"line":88},"10":{"loc":{"start":{"line":89,"column":4},"end":{"line":91,"column":46}},"type":"binary-expr","locations":[{"start":{"line":89,"column":4},"end":{"line":89,"column":36}},{"start":{"line":90,"column":4},"end":{"line":90,"column":34}},{"start":{"line":91,"column":4},"end":{"line":91,"column":46}}],"line":89},"11":{"loc":{"start":{"line":112,"column":2},"end":{"line":121,"column":3}},"type":"if","locations":[{"start":{"line":112,"column":2},"end":{"line":121,"column":3}},{"start":{"line":112,"column":2},"end":{"line":121,"column":3}}],"line":112},"12":{"loc":{"start":{"line":123,"column":18},"end":{"line":123,"column":56}},"type":"binary-expr","locations":[{"start":{"line":123,"column":18},"end":{"line":123,"column":24}},{"start":{"line":123,"column":28},"end":{"line":123,"column":56}}],"line":123},"13":{"loc":{"start":{"line":125,"column":2},"end":{"line":128,"column":3}},"type":"if","locations":[{"start":{"line":125,"column":2},"end":{"line":128,"column":3}},{"start":{"line":125,"column":2},"end":{"line":128,"column":3}}],"line":125},"14":{"loc":{"start":{"line":129,"column":2},"end":{"line":132,"column":3}},"type":"if","locations":[{"start":{"line":129,"column":2},"end":{"line":132,"column":3}},{"start":{"line":129,"column":2},"end":{"line":132,"column":3}}],"line":129},"15":{"loc":{"start":{"line":134,"column":2},"end":{"line":148,"column":3}},"type":"if","locations":[{"start":{"line":134,"column":2},"end":{"line":148,"column":3}},{"start":{"line":134,"column":2},"end":{"line":148,"column":3}}],"line":134},"16":{"loc":{"start":{"line":135,"column":22},"end":{"line":135,"column":45}},"type":"binary-expr","locations":[{"start":{"line":135,"column":22},"end":{"line":135,"column":40}},{"start":{"line":135,"column":44},"end":{"line":135,"column":45}}],"line":135},"17":{"loc":{"start":{"line":138,"column":4},"end":{"line":141,"column":5}},"type":"if","locations":[{"start":{"line":138,"column":4},"end":{"line":141,"column":5}},{"start":{"line":138,"column":4},"end":{"line":141,"column":5}}],"line":138},"18":{"loc":{"start":{"line":144,"column":4},"end":{"line":146,"column":5}},"type":"if","locations":[{"start":{"line":
[...]
loc":{"start":{"line":241,"column":34},"end":{"line":277,"column":1}},"line":241},"14":{"name":"(anonymous_14)","decl":{"start":{"line":254,"column":39},"end":{"line":254,"column":40}},"loc":{"start":{"line":254,"column":47},"end":{"line":254,"column":86}},"line":254},"15":{"name":"(anonymous_15)","decl":{"start":{"line":255,"column":34},"end":{"line":255,"column":35}},"loc":{"start":{"line":255,"column":42},"end":{"line":255,"column":60}},"line":255},"16":{"name":"(anonymous_16)","decl":{"start":{"line":258,"column":17},"end":{"line":258,"column":18}},"loc":{"start":{"line":258,"column":32},"end":{"line":258,"column":55}},"line":258},"17":{"name":"(anonymous_17)","decl":{"start":{"line":267,"column":35},"end":{"line":267,"column":36}},"loc":{"start":{"line":267,"column":43},"end":{"line":267,"column":82}},"line":267},"18":{"name":"(anonymous_18)","decl":{"start":{"line":280,"column":30},"end":{"line":280,"column":31}},"loc":{"start":{"line":280,"column":50},"end":{"line":325,"column":1}},"line":280},"19":{"name":"(anonymous_19)","decl":{"start":{"line":308,"column":46},"end":{"line":308,"column":47}},"loc":{"start":{"line":308,"column":54},"end":{"line":308,"column":96}},"line":308},"20":{"name":"(anonymous_20)","decl":{"start":{"line":327,"column":26},"end":{"line":327,"column":27}},"loc":{"start":{"line":327,"column":46},"end":{"line":352,"column":1}},"line":327},"21":{"name":"(anonymous_21)","decl":{"start":{"line":333,"column":53},"end":{"line":333,"column":54}},"loc":{"start":{"line":333,"column":62},"end":{"line":339,"column":5}},"line":333},"22":{"name":"(anonymous_22)","decl":{"start":{"line":354,"column":24},"end":{"line":354,"column":25}},"loc":{"start":{"line":354,"column":44},"end":{"line":399,"column":1}},"line":354},"23":{"name":"(anonymous_23)","decl":{"start":{"line":401,"column":30},"end":{"line":401,"column":31}},"loc":{"start":{"line":401,"column":50},"end":{"line":452,"column":1}},"line":401},"24":{"name":"(anonymous_24)","decl":{"start":{"line":409,"column":6},"end":{"line":409,"column":7}},"loc":{"start":{"line":409,"column":14},"end":{"line":409,"column":50}},"line":409},"25":{"name":"(anonymous_25)","decl":{"start":{"line":414,"column":28},"end":{"line":414,"column":29}},"loc":{"start":{"line":414,"column":36},"end":{"line":430,"column":5}},"line":414},"26":{"name":"(anonymous_26)","decl":{"start":{"line":433,"column":51},"end":{"line":433,"column":52}},"loc":{"start":{"line":433,"column":75},"end":{"line":439,"column":5}},"line":433},"27":{"name":"(anonymous_27)","decl":{"start":{"line":455,"column":24},"end":{"line":455,"column":25}},"loc":{"start":{"line":455,"column":39},"end":{"line":465,"column":1}},"line":455}},"branchMap":{"0":{"loc":{"start":{"line":47,"column":13},"end":{"line":56,"column":43}},"type":"binary-expr","locations":[{"start":{"line":47,"column":13},"end":{"line":47,"column":34}},{"start":{"line":48,"column":13},"end":{"line":48,"column":35}},{"start":{"line":49,"column":13},"end":{"line":49,"column":42}},{"start":{"line":50,"column":13},"end":{"line":50,"column":47}},{"start":{"line":51,"column":13},"end":{"line":51,"column":41}},{"start":{"line":52,"column":13},"end":{"line":52,"column":42}},{"start":{"line":53,"column":13},"end":{"line":53,"column":43}},{"start":{"line":54,"column":13},"end":{"line":54,"column":48}},{"start":{"line":55,"column":13},"end":{"line":55,"column":42}},{"start":{"line":56,"column":13},"end":{"line":56,"column":43}}],"line":47},"1":{"loc":{"start":{"line":63,"column":4},"end":{"line":71,"column":5}},"type":"if","locations":[{"start":{"line":63,"column":4},"end":{"line":71,"column":5}},{"start":{"line":63,"column":4},"end":{"line":71,"column":5}}],"line":63},"2":{"loc":{"start":{"line":65,"column":6},"end":{"line":67,"column":7}},"type":"if","locations":[{"start":{"line":65,"column":6},"end":{"line":67,"column":7}},{"start":{"line":65,"column":6},"end":{"line":67,"column":7}}],"line":65},"3":{"loc":{"start":{"line":102,"column":21},"end":{"line":102,"column":40}},"type":"binary-expr","locations":[{"start":{"line":102,"column":21},"end":{"line":102,"column":34}},{"start":{"line":102,"column":38},"end":{"line":102,"column":40}}],"line":102},"4":{"loc":{"start":{"line":103,"column":19},"end":{"line":103,"column":70}},"type":"binary-expr","locations":[{"start":{"line":103,"column":19},"end":{"line":103,"column":51}},{"start":{"line":103,"column":55},"end":{"line":103,"column":64}},{"start":{"line":103,"column":68},"end":{"line":103,"column":70}}],"line":103},"5":{"loc":{"start":{"line":105,"column":22},"end":{"line":105,"column":55}},"type":"binary-expr","locations":[{"start":{"line":105,"column":22},"end":{"line":105,"column":33}},{"start":{"line":105,"column":37},"end":{"line":105,"column":50}},{"start":{"line":105,"column":54},"end":{"line":105,"column":55}}],"line":105},"6":{"loc":{"start":{"line":106,"column":21},"end":{"line":106,"column":37}},"type":"binary-expr","locations":[{"start":{"line":106,"column":21},"end":{"line":106,"column":32}},{"start":{"line":106,"column":36},"end":{"line":106,"column":37}}],"line":106},"7":{"loc":{"start":{"line":107,"column":21},"end":{"line":107,"column":51}},"type":"binary-expr","locations":[{"start":{"line":107,"column":21},"end":{"line":107,"column":46}},{"start":{"line":107,"column":50},"end":{"line":107,"column":51}}],"line":107},"8":{"loc":{"start":{"line":108,"column":25},"end":{"line":108,"column":85}},"type":"cond-expr","locations":[{"start":{"line":108,"column":41},"end":{"line":108,"column":81}},{"start":{"line":108,"column":84},"end":{"line":108,"column":85}}],"line":108},"9":{"loc":{"start":{"line":115,"column":18},"end":{"line":115,"column":40}},"type":"binary-expr","locations":[{"start":{"line":115,"column":18},"end":{"line":115,"column":27}},{"start":{"line":115,"column":31},"end":{"line":115,"column":40}}],"line":115},"10":{"loc":{"start":{"line":116,"column":12},"end":{"line":116,"column":36}},"type":"binary-expr","locations":[{"start":{"line":116,"column":12},"end":{"line":116,"column":23}},{"start":{"line":116,"column":27},"end":{"line":116,"column":36}}],"line":116},"11":{"loc":{"start":{"line":131,"column":26},"end":{"line":131,"column":119}},"type":"binary-expr","locations":[{"start":{"line":131,"column":26},"end":{"line":131,"column":94}},{"start":{"line":131,"column":98},"end":{"line":131,"column":113}},{"start":{"line":131,"column":117},"end":{"line":131,"column":119}}],"line":131},"12":{"loc":{"start":{"line":131,"column":53},"end":{"line":131,"column":93}},"type":"binary-expr","locations":[{"start":{"line":131,"column":53},"end":{"line":131,"column":71}},{"start":{"line":131,"column":75},"end":{"line":131,"column":93}}],"line":131},"13":{"loc":{"start":{"line":132,"column":26},"end":{"line":132,"column":100}},"type":"binary-expr","locations":[{"start":{"line":132,"column":26},"end":{"line":132,"column":94}},{"start":{"line":132,"column":98},"end":{"line":132,"column":100}}],"line":132},"14":{"loc":{"start":{"line":134,"column":24},"end":{"line":134,"column":51}},"type":"binary-expr","locations":[{"start":{"line":134,"column":24},"end":{"line":134,"column":46}},{"start":{"line":134,"column":50},"end":{"line":134,"column":51}}],"line":134},"15":{"loc":{"start":{"line":134,"column":56},"end":{"line":134,"column":83}},"type":"binary-expr","locations":[{"start":{"line":134,"column":56},"end":{"line":134,"column":78}},{"start":{"line":134,"column":82},"end":{"line":134,"column":83}}],"line":134},"16":{"loc":{"start":{"line":145,"column":23},"end":{"line":145,"column":92}},"type":"cond-expr","locations":[{"start":{"line":145,"column":48},"end":{"line":145,"column":88}},{"start":{"line":145,"column":91},"end":{"line":145,"column":92}}],"line":145},"17":{"loc":{"start":{"line":146,"column":17},"end":{"line":146,"column":49}},"type":"binary-expr","locations":[{"start":{"line":146,"column":17},"end":{"line":146,"column":36}},{"start":{"line":146,"column":40},"end":{"line":146,"column":49}}],"line":146},"18":{"loc":{"start":{"line":147,"column":13},"end":{"line":147,"column":45}},"type":"binary-expr","locations":[{"start":{"line":147,"column":13},"end":{"line":147,"column":32}},{"start":{"line":147,"column":36},"end":{"line":147,"column":45}}],"line":147},"19":{"loc":{"start":{"line":148,"column":15},"end":{"line":148,"column":42}},"type":"binary-expr","locations":[{"start":{"line":148,"column":15},"end":{"line":148,"column":37}},{"start":{"line":148,"column":41},"end":{"line":148,"column":42}}],"line":148},"20":{"loc":{"start":{"line":149,"column":15},"end":{"line":149,"column":42}},"type":"binary-expr","locations":[{"start":{"line":149,"column":15},"end":{"line":149,"column":37}},{"start":{"line":149,"column":41},"end":{"line":149,"column":42}}],"line":149},"21":{"loc":{"start":{"line":162,"column":32},"end":{"line":162,"column":56}},"type":"binary-expr","locations":[{"start":{"line":162,"column":32},"end":{"line":162,"column":51}},{"start":{"line":162,"column":55},"end":{"line":162,"column":56}}],"line":162},"22":{"loc":{"start":{"line":193,"column":16},"end":{"line":193,"column":49}},"type":"binary-expr","locations":[{"start":{"line":193,"column":16},"end":{"line":193,"column":29}},{"start":{"line":193,"column":33},"end":{"line":193,"column":49}}],"line":193},"23":{"loc":{"start":{"line":199,"column":19},"end":{"line":199,"column":48}},"type":"binary-expr","locations":[{"start":{"line":199,"column":19},"end":{"line":199,"column":35}},{"start":{"line":199,"column":39},"end":{"line":199,"column":48}}],"line":199},"24":{"loc":{"start":{"line":200,"column":16},"end":{"line":200,"column":71}},"type":"binary-expr","locations":[{"start":{"line":200,"column":16},"end":{"line":200,"column":58}},{"start":{"line":200,"column":62},"end":{"line":200,"column":71}}],"line":200},"25":{"loc":{"start":{"line":243,"column":2},"end":{"line":251,"column":3}},"type":"if","locations":[{"start":{"line":243,"column":2},"end":{"line":251,"column":3}},{"start":{"line":243,"column":2},"end":{"line":251,"column":3}}],"line":243},"26":{"loc":{"start":{"line":254,"column":47},"end":{"line":254,"column":86}},"type":"binary-expr","locations":[{"start":{"line":254,"column":47},"end":{"line":254,"column":65}},{"start":{"line":254,"column":69},"end":{"line":254,"column":86}}],"line":254},"27":{"loc":{"start":{"line":308,"column":54},"end":{"line":308,"column":96}},"type":"binary-expr","locations":[{"start":{"line":308,"column":54},"end":{"line":308,"column":73}},{"start":{"line":308,"column":77},"end":{"line":308,"column":96}}],"line":308},"28":{"loc":{"start":{"line":329,"column":18},"end":{"line":329,"column":49}},"type":"binary-expr","locations":[{"start":{"line":329,"column":18},"end":{"line":329,"column":43}},{"start":{"line":329,"column":47},"end":{"line":329,"column":49}}],"line":329},"29":{"loc":{"start":{"line":363,"column":4},"end":{"line":366,"column":5}},"type":"if","locations":[{"start":{"line":363,"column":4},"end":{"line":366,"column":5}},{"start":{"line":363,"column":4},"end":{"line":366,"column":5}}],"line":363},"30":{"loc":{"start":{"line":368,"column":4},"end":{"line":371,"column":5}},"type":"if","locations":[{"start":{"line":368,"column":4},"end":{"line":371,"column":5}},{"start":{"line":368,"column":4},"end":{"line":371,"column":5}}],"line":368},"31":{"loc":{"start":{"line":373,"column":4},"end":{"line":376,"column":5}},"type":"if","locations":[{"start":{"line":373,"column":4},"end":{"line":376,"column":5}},{"start":{"line":373,"column":4},"end":{"line":376,"column":5}}],"line":373},"32":{"loc":{"start":{"line":403,"column":18},"end":{"line":403,"column":49}},"type":"binary-expr","locations":[{"start":{"line":403,"column":18},"end":{"line":403,"column":43}},{"start":{"line":403,"column":47},"end":{"line":403,"column":49}}],"line":403},"33":{"loc":{"start":{"line":416,"column":6},"end":{"line":423,"column":7}},"type":"if","locations":[{"start":{"line":416,"column":6},"end":{"line":423,"column":7}},{"start":{"line":416,"column":6},"end":{"line":423,"column":7}}],"line":416},"34":{"loc":{"start":{"line":426,"column":6},"end":{"line":428,"column":7}},"type":"if","locations":[{"start":{"line":426,"column":6},"end":{"line":428,"column":7}},{"start":{"line":426,"column":6},"end":{"line":428,"column":7}}],"line":426},"35":{"loc":{"start":{"line":461,"column":2},"end":{"line":461,"column":37}},"type":"if","locations":[{"start":{"line":461,"column":2},"end":{"line":461,"column":37}},{"start":{"line":461,"column":2},"end":{"line":461,"column":37}}],"line":461},"36":{"loc":{"start":{"line":462,"column":2},"end":{"line":462,"column":48}},"type":"if","locations":[{"start":{"line":462,"column":2},"end":{"line":462,"column":48}},{"start":{"line":462,"column":2},"end":{"line":462,"column":48}}],"line":462},"37":{"loc":{"start":{"line":463,"column":2},"end":{"line":463,"column":68}},"type":"if","locations":[{"start":{"line":463,"column":2},"end":{"line":463,"column":68}},{"start":{"line":463,"column":2},"end":{"line":463,"column":68}}],"line":463},"38":{"loc":{"start":{"line":463,"column":41},"end":{"line":463,"column":61}},"type":"cond-expr","locations":[{"start":{"line":463,"column":53},"end":{"line":463,"column":56}},{"start":{"line":463,"column":59},"end":{"line":463,"column":61}}],"line":463}},"s":{"0":1,"1":1,"2":1,"3":1,"4":1,"5":1,"6":0,"7":0,"8":0,"9":0,"10":0,"11":0,"12":0,"13":0,"14":0,"15":0,"16":0,"17":0,"18":0,"19":0,"20":0,"21":0,"22":0,"23":0,"24":0,"25":0,"26":1,"27":0,"28":0,"29":0,"30":0,"31":0,"32":1,"33":0,"34":0,"35":0,"36":0,"37":0,"38":0,"39":0,"40":0,"41":0,"42":0,"43":0,"44":0,"45":0,"46":1,"47":0,"48":0,"49":0,"50":0,"51":0,"52":0,"53":0,"54":0,"55":0,"56":0,"57":0,"58":0,"59":0,"60":0,"61":1,"62":0,"63":0,"64":0,"65":0,"66":0,"67":0,"68":0,"69":0,"70":0,"71":0,"72":0,"73":0,"74":0,"75":0,"76":0,"77":0,"78":0,"79":0,"80":0,"81":0,"82":0,"83":0,"84":1,"85":0,"86":0,"87":0,"88":0,"89":0,"90":0,"91":0,"92":0,"93":0,"94":0,"95":0,"96":0,"97":0,"98":0,"99":0,"100":0,"101":0,"102":0,"103":1,"104":0,"105":0,"106":0,"107":0,"108":0,"109":0,"110":0,"111":0,"112":0,"113":1,"114":0,"115":0,"116":0,"117":0,"118":0,"119":0,"120":0,"121":1,"122":0,"123":0,"124":0,"125":0,"126":0,"127":0,"128":0,"129":0,"130":0,"131":0,"132":0,"133":0,"134":0,"135":0,"136":0,"137":0,"138":0,"139":0,"140":1,"141":0,"142":0,"143":0,"144":0,"145":0,"146":0,"147":0,"148":0,"149":0,"150":0,"151":0,"152":0,"153":0,"154":0,"155":0,"156":0,"157":0,"158":0,"159":0,"160":0,"161":1,"162":0,"163":0,"164":0,"165":0,"166":0,"167":0,"168":0,"169":0,"170":0,"171":0,"172":0,"173":1},"f":{"0":0,"1":0,"2":0,"3":0,"4":0,"5":0,"6":0,"7":0,"8":0,"9":0,"10":0,"11":0,"12":0,"13":0,"14":0,"15":0,"16":0,"17":0,"18":0,"19":0,"20":0,"21":0,"22":0,"23":0,"24":0,"25":0,"26":0,"27":0},"b":{"0":[0,0,0,0,0,0,0,0,0,0],"1":[0,0],"2":[0,0],"3":[0,0],"4":[0,0,0],"5":[0,0,0],"6":[0,0],"7":[0,0],"8":[0,0],"9":[0,0],"10":[0,0],"11":[0,0,0],"12":[0,0],"13":[0,0],"14":[0,0],"15":[0,0],"16":[0,0],"17":[0,0],"18":[0,0],"19":[0,0],"20":[0,0],"21":[0,0],"22":[0,0],"23":[0,0],"24":[0,0],"25":[0,0],"26":[0,0],"27":[0,0],"28":[0,0],"29":[0,0],"30":[0,0],"31":[0,0],"32":[0,0],"33":[0,0],"34":[0,0],"35":[0,0],"36":[0,0],"37":[0,0],"38":[0,0]},"_coverageSchema":"1a1c01bbd47fc00a2c39e90264f33305004495a9","hash":"d4f37a904fac9cc8c38246e70c6e5e80c79ea8e2","contentHash":"fa575a25f5db90fcb3f0d5477c5505645b0f22f1bc9aa987acdf687fd089c141"},"/root/TrueGate/backend/middleware/adminMiddleware.js":{"path":"/root/TrueGate/backend/middleware/adminMiddleware.js","statementMap":{"0":{"start":{"line":1,"column":12},"end":{"line":1,"column":35}},"1":{"start":{"line":2,"column":19},"end":{"line":2,"column":41}},"2":{"start":{"line":6,"column":21},"end":{"line":6,"column":49}},"3":{"start":{"line":7,"column":16},"end":{"line":7,"column":54}},"4":{"start":{"line":9,"column":2},"end":{"line":11,"column":3}},"5":{"start":{"line":10,"column":4},"end":{"line":10,"column":64}},"6":{"start":{"line":13,"column":2},"end":{"line":25,"column":3}},"7":{"start":{"line":14,"column":20},"end":{"line":14,"column":49}},"8":{"start":{"line":15,"column":4},"end":{"line":15,"column":23}},"9":{"start":{"line":18,"column":4},"end":{"line":20,"column":5}},"10":{"start":{"line":19,"column":6},"end":{"line":19,"column":70}},"11":{"start":{"line":22,"column":4},"end":{"line":22,"column":11}},"12":{"start":{"line":24,"column":4},"end":{"line":24,"column":60}},"13":{"start":{"line":30,"column":23},"end":{"line":30,"column":31}},"14":{"start":{"line":32,"column":2},"end":{"line":54,"column":4}},"15":{"start":{"line":33,"column":4},"end":{"line":51,"column":5}},"16":{"start":{"line":34,"column":23},"end":{"line":34,"column":39}},"17":{"start":{"line":37,"column":6},"end":{"line":48,"column":7}},"18":{"start":{"line":38,"column":35},"end":{"line":38,"column":61}},"19":{"start":{"line":39,"column":8},"end":{"line":47,"column":11}},"20":{"start":{"line":53,"column":4},"end":{"line":53,"column":41}},"21":{"start":{"line":56,"column":2},"end":{"line":56,"column":9}},"22":{"start":{"line":59,"column":0},"end":{"line":59,"column":49}}},"fnMap":{"0":{"name":"verifyAdmin","decl":{"start":{"line":5,"column":9},"end":{"line":5,"column":20}},"loc":{"start":{"line":5,"column":37},"end":{"line":26,"column":1}},"line":5},"1":{"name":"logAdminAction","decl":{"start":{"line":29,"column":9},"end":{"line":29,"column":23}},"loc":{"start":{"line":29,"column":40},"end":{"line":57,"column":1}},"line":29},"2":{"name":"(anonymous_2)","decl":{"start":{"line":32,"column":13},"end":{"line":32,"column":14}},"loc":{"start":{"line":32,"column":28},"end":{"line":54,"column":3}},"line":32}},"branchMap":{"0":{"loc":{"start":{"line":7,"column":16},"end":{"line":7,"column":54}},"type":"binary-expr","locations":[{"start":{"line":7,"column":16},"end":{"line":7,"column":26}},{"start":{"line":7,"column":30},"end":{"line":7,"column":54}}],"line":7},"1":{"loc":{"start":{"line":9,"column":2},"end":{"line":11,"column":3}},"type":"if","locations":[{"start":{"line":9,"column":2},"end":{"line":11,"column":3}},{"start":{"line":9,"column":2},"end":{"line":11,"column":3}}],"line":9},"2":{"loc":{"start":{"line":18,"column":4},"end":{"line":20,"column":5}},"type":"if","locations":[{"start":{"line":18,"column":4},"end":{"line":20,"column":5}},{"start":{"line":18,"column":4},"end":{"line":20,"column":5}}],"line":18},"3":{"loc":{"start":{"line":18,"column":8},"end":{"line":18,"column":51}},"type":"binary-expr","locations":[{"start":{"line":18,"column":8},"end":{"line":18,"column":22}},{"start":{"line":18,"column":26},"end":{"line":18,"column":51}}],"line":18},"4":{"loc":{"start":{"line":37,"column":6},"end":{"line":48,"column":7}},"type":"if","locations":[{"start":{"line":37,"column":6},"end":{"line":48,"column":7}},{"start":{"line":37,"column":6},"end":{"line":48,"column":7}}],"line":37},"5":{"loc":{"start":{"line":37,"column":10},"end":{"line":37,"column":55}},"type":"binary-expr","locations":[{"start":{"line":37,"column":10},"end":{"line":37,"column":31}},{"start":{"line":37,"column":35},"end":{"line":37,"column":55}}],"line":37},"6":{"loc":{"start":{"line":40,"column":19},"end":{"line":40,"column":47}},"type":"binary-expr","locations":[{"start":{"line":40,"column":19},"end":{"line":40,"column":34}},{"start":{"line":40,"column":38},"end":{"line":40,"column":47}}],"line":40},"7":{"loc":{"start":{"line":42,"column":14},"end":{"line":42,"column":52}},"type":"binary-expr","locations":[{"start":{"line":42,"column":14},"end":{"line":42,"column":20}},{"start":{"line":42,"column":24},"end":{"line":42,"column":52}}],"line":42}},"s":{"0":1,"1":1,"2":0,"3":0,"4":0,"5":0,"6":0,"7":0,"8":0,"9":0,"10":0,"11":0,"12":0,"13":0,"14":0,"15":0,"16":0,"17":0,"18":0,"19":0,"20":0,"21":0,"22":1},"f":{"0":0,"1":0,"2":0},"b":{"0":[0,0],"1":[0,0],"2":[0,0],"3":[0,0],"4":[0,0],"5":[0,0],"6":[0,0],"7":[0,0]},"_coverageSchema":"1a1c01bbd47fc00a2c39e90264f33305004495a9","hash":"af19ca9ccb58efa40fbe7933cb309158d57c82c1","contentHash":"5e43456c679a8e48e45937d34ba344eea9f33a884808a93224a8befcc089216b"}}